{"C:\\Users\\USUARIO\\Desktop\\Inexu\\APPIPOTTERS\\Entrega3\\API-Potters\\src\\config\\database.ts": {"path":"C:\\Users\\USUARIO\\Desktop\\Inexu\\APPIPOTTERS\\Entrega3\\API-Potters\\src\\config\\database.ts","statementMap":{"0":{"start":{"line":1,"column":0},"end":{"line":1,"column":64}},"1":{"start":{"line":3,"column":13},"end":{"line":9,"column":2}}},"fnMap":{},"branchMap":{},"s":{"0":5,"1":5},"f":{},"b":{}}
,"C:\\Users\\USUARIO\\Desktop\\Inexu\\APPIPOTTERS\\Entrega3\\API-Potters\\src\\config\\http.ts": {"path":"C:\\Users\\USUARIO\\Desktop\\Inexu\\APPIPOTTERS\\Entrega3\\API-Potters\\src\\config\\http.ts","statementMap":{"0":{"start":{"line":1,"column":0},"end":{"line":1,"column":64}},"1":{"start":{"line":3,"column":13},"end":{"line":5,"column":2}}},"fnMap":{},"branchMap":{},"s":{"0":5,"1":5},"f":{},"b":{}}
,"C:\\Users\\USUARIO\\Desktop\\Inexu\\APPIPOTTERS\\Entrega3\\API-Potters\\src\\core\\aplicacion\\casos-uso\\AsignaturaCasosUso.ts": {"path":"C:\\Users\\USUARIO\\Desktop\\Inexu\\APPIPOTTERS\\Entrega3\\API-Potters\\src\\core\\aplicacion\\casos-uso\\AsignaturaCasosUso.ts","statementMap":{"0":{"start":{"line":2,"column":0},"end":{"line":2,"column":80}},"1":{"start":{"line":7,"column":22},"end":{"line":7,"column":67}},"2":{"start":{"line":10,"column":18},"end":{"line":10,"column":76}},"3":{"start":{"line":11,"column":4},"end":{"line":11,"column":109}},"4":{"start":{"line":11,"column":37},"end":{"line":11,"column":109}},"5":{"start":{"line":12,"column":4},"end":{"line":12,"column":17}},"6":{"start":{"line":16,"column":31},"end":{"line":16,"column":100}},"7":{"start":{"line":17,"column":4},"end":{"line":17,"column":101}},"8":{"start":{"line":17,"column":29},"end":{"line":17,"column":101}},"9":{"start":{"line":18,"column":4},"end":{"line":18,"column":30}},"10":{"start":{"line":22,"column":30},"end":{"line":22,"column":95}},"11":{"start":{"line":23,"column":4},"end":{"line":23,"column":29}},"12":{"start":{"line":27,"column":34},"end":{"line":29,"column":null}},"13":{"start":{"line":32,"column":4},"end":{"line":32,"column":118}},"14":{"start":{"line":32,"column":32},"end":{"line":32,"column":118}},"15":{"start":{"line":33,"column":4},"end":{"line":33,"column":33}},"16":{"start":{"line":37,"column":31},"end":{"line":37,"column":96}},"17":{"start":{"line":38,"column":4},"end":{"line":38,"column":101}},"18":{"start":{"line":38,"column":29},"end":{"line":38,"column":101}},"19":{"start":{"line":39,"column":4},"end":{"line":39,"column":30}},"20":{"start":{"line":6,"column":0},"end":{"line":6,"column":13}}},"fnMap":{"0":{"name":"(anonymous_0)","decl":{"start":{"line":7,"column":2},"end":{"line":7,"column":22}},"loc":{"start":{"line":7,"column":67},"end":{"line":7,"column":72}}},"1":{"name":"(anonymous_1)","decl":{"start":{"line":9,"column":2},"end":{"line":9,"column":7}},"loc":{"start":{"line":9,"column":42},"end":{"line":13,"column":3}}},"2":{"name":"(anonymous_2)","decl":{"start":{"line":15,"column":2},"end":{"line":15,"column":7}},"loc":{"start":{"line":15,"column":52},"end":{"line":19,"column":3}}},"3":{"name":"(anonymous_3)","decl":{"start":{"line":21,"column":2},"end":{"line":21,"column":7}},"loc":{"start":{"line":21,"column":52},"end":{"line":24,"column":3}}},"4":{"name":"(anonymous_4)","decl":{"start":{"line":26,"column":2},"end":{"line":26,"column":7}},"loc":{"start":{"line":26,"column":74},"end":{"line":34,"column":3}}},"5":{"name":"(anonymous_5)","decl":{"start":{"line":36,"column":2},"end":{"line":36,"column":7}},"loc":{"start":{"line":36,"column":47},"end":{"line":40,"column":3}}}},"branchMap":{"0":{"loc":{"start":{"line":11,"column":4},"end":{"line":11,"column":109}},"type":"if","locations":[{"start":{"line":11,"column":4},"end":{"line":11,"column":109}},{"start":{},"end":{}}]},"1":{"loc":{"start":{"line":11,"column":8},"end":{"line":11,"column":35}},"type":"binary-expr","locations":[{"start":{"line":11,"column":8},"end":{"line":11,"column":14}},{"start":{"line":11,"column":18},"end":{"line":11,"column":35}}]},"2":{"loc":{"start":{"line":17,"column":4},"end":{"line":17,"column":101}},"type":"if","locations":[{"start":{"line":17,"column":4},"end":{"line":17,"column":101}},{"start":{},"end":{}}]},"3":{"loc":{"start":{"line":32,"column":4},"end":{"line":32,"column":118}},"type":"if","locations":[{"start":{"line":32,"column":4},"end":{"line":32,"column":118}},{"start":{},"end":{}}]},"4":{"loc":{"start":{"line":38,"column":4},"end":{"line":38,"column":101}},"type":"if","locations":[{"start":{"line":38,"column":4},"end":{"line":38,"column":101}},{"start":{},"end":{}}]}},"s":{"0":5,"1":1,"2":2,"3":2,"4":0,"5":2,"6":2,"7":2,"8":2,"9":0,"10":0,"11":0,"12":0,"13":0,"14":0,"15":0,"16":2,"17":2,"18":2,"19":0,"20":5},"f":{"0":1,"1":2,"2":2,"3":0,"4":0,"5":2},"b":{"0":[0,2],"1":[2,2],"2":[2,0],"3":[0,0],"4":[2,0]}}
,"C:\\Users\\USUARIO\\Desktop\\Inexu\\APPIPOTTERS\\Entrega3\\API-Potters\\src\\core\\aplicacion\\casos-uso\\OfertaCasosUso.ts": {"path":"C:\\Users\\USUARIO\\Desktop\\Inexu\\APPIPOTTERS\\Entrega3\\API-Potters\\src\\core\\aplicacion\\casos-uso\\OfertaCasosUso.ts","statementMap":{"0":{"start":{"line":8,"column":0},"end":{"line":8,"column":83}},"1":{"start":{"line":9,"column":0},"end":{"line":9,"column":80}},"2":{"start":{"line":10,"column":0},"end":{"line":10,"column":76}},"3":{"start":{"line":13,"column":22},"end":{"line":13,"column":59}},"4":{"start":{"line":14,"column":12},"end":{"line":14,"column":57}},"5":{"start":{"line":15,"column":12},"end":{"line":15,"column":53}},"6":{"start":{"line":16,"column":12},"end":{"line":16,"column":60}},"7":{"start":{"line":20,"column":18},"end":{"line":20,"column":68}},"8":{"start":{"line":21,"column":4},"end":{"line":21,"column":105}},"9":{"start":{"line":21,"column":37},"end":{"line":21,"column":105}},"10":{"start":{"line":22,"column":4},"end":{"line":22,"column":17}},"11":{"start":{"line":26,"column":27},"end":{"line":26,"column":84}},"12":{"start":{"line":27,"column":4},"end":{"line":27,"column":93}},"13":{"start":{"line":27,"column":25},"end":{"line":27,"column":93}},"14":{"start":{"line":28,"column":4},"end":{"line":28,"column":26}},"15":{"start":{"line":33,"column":30},"end":{"line":33,"column":93}},"16":{"start":{"line":34,"column":23},"end":{"line":34,"column":104}},"17":{"start":{"line":35,"column":21},"end":{"line":35,"column":96}},"18":{"start":{"line":36,"column":20},"end":{"line":36,"column":92}},"19":{"start":{"line":38,"column":4},"end":{"line":38,"column":143}},"20":{"start":{"line":38,"column":27},"end":{"line":38,"column":143}},"21":{"start":{"line":39,"column":4},"end":{"line":39,"column":98}},"22":{"start":{"line":39,"column":21},"end":{"line":39,"column":98}},"23":{"start":{"line":41,"column":4},"end":{"line":41,"column":143}},"24":{"start":{"line":41,"column":27},"end":{"line":41,"column":143}},"25":{"start":{"line":42,"column":4},"end":{"line":42,"column":98}},"26":{"start":{"line":42,"column":21},"end":{"line":42,"column":98}},"27":{"start":{"line":43,"column":4},"end":{"line":43,"column":95}},"28":{"start":{"line":43,"column":20},"end":{"line":43,"column":95}},"29":{"start":{"line":44,"column":4},"end":{"line":44,"column":92}},"30":{"start":{"line":44,"column":18},"end":{"line":44,"column":92}},"31":{"start":{"line":46,"column":21},"end":{"line":46,"column":50}},"32":{"start":{"line":47,"column":41},"end":{"line":47,"column":67}},"33":{"start":{"line":48,"column":4},"end":{"line":48,"column":128}},"34":{"start":{"line":48,"column":68},"end":{"line":48,"column":128}},"35":{"start":{"line":50,"column":26},"end":{"line":50,"column":79}},"36":{"start":{"line":51,"column":25},"end":{"line":51,"column":93}},"37":{"start":{"line":52,"column":4},"end":{"line":52,"column":24}},"38":{"start":{"line":57,"column":30},"end":{"line":57,"column":88}},"39":{"start":{"line":58,"column":23},"end":{"line":58,"column":99}},"40":{"start":{"line":59,"column":21},"end":{"line":59,"column":91}},"41":{"start":{"line":60,"column":20},"end":{"line":60,"column":87}},"42":{"start":{"line":62,"column":4},"end":{"line":62,"column":143}},"43":{"start":{"line":62,"column":27},"end":{"line":62,"column":143}},"44":{"start":{"line":63,"column":4},"end":{"line":63,"column":98}},"45":{"start":{"line":63,"column":21},"end":{"line":63,"column":98}},"46":{"start":{"line":64,"column":4},"end":{"line":64,"column":94}},"47":{"start":{"line":64,"column":19},"end":{"line":64,"column":94}},"48":{"start":{"line":65,"column":4},"end":{"line":65,"column":92}},"49":{"start":{"line":65,"column":18},"end":{"line":65,"column":92}},"50":{"start":{"line":67,"column":23},"end":{"line":67,"column":52}},"51":{"start":{"line":68,"column":43},"end":{"line":68,"column":69}},"52":{"start":{"line":69,"column":4},"end":{"line":69,"column":128}},"53":{"start":{"line":69,"column":68},"end":{"line":69,"column":128}},"54":{"start":{"line":71,"column":20},"end":{"line":71,"column":83}},"55":{"start":{"line":72,"column":4},"end":{"line":72,"column":96}},"56":{"start":{"line":72,"column":18},"end":{"line":72,"column":96}},"57":{"start":{"line":74,"column":30},"end":{"line":74,"column":93}},"58":{"start":{"line":75,"column":4},"end":{"line":75,"column":97}},"59":{"start":{"line":75,"column":28},"end":{"line":75,"column":97}},"60":{"start":{"line":77,"column":4},"end":{"line":77,"column":29}},"61":{"start":{"line":81,"column":27},"end":{"line":81,"column":80}},"62":{"start":{"line":82,"column":4},"end":{"line":82,"column":93}},"63":{"start":{"line":82,"column":25},"end":{"line":82,"column":93}},"64":{"start":{"line":83,"column":4},"end":{"line":83,"column":26}},"65":{"start":{"line":12,"column":0},"end":{"line":12,"column":13}}},"fnMap":{"0":{"name":"(anonymous_0)","decl":{"start":{"line":13,"column":2},"end":{"line":13,"column":22}},"loc":{"start":{"line":16,"column":60},"end":{"line":16,"column":65}}},"1":{"name":"(anonymous_1)","decl":{"start":{"line":18,"column":2},"end":{"line":18,"column":7}},"loc":{"start":{"line":18,"column":38},"end":{"line":23,"column":3}}},"2":{"name":"(anonymous_2)","decl":{"start":{"line":25,"column":2},"end":{"line":25,"column":7}},"loc":{"start":{"line":25,"column":43},"end":{"line":29,"column":3}}},"3":{"name":"(anonymous_3)","decl":{"start":{"line":31,"column":2},"end":{"line":31,"column":7}},"loc":{"start":{"line":31,"column":40},"end":{"line":53,"column":3}}},"4":{"name":"(anonymous_4)","decl":{"start":{"line":55,"column":2},"end":{"line":55,"column":7}},"loc":{"start":{"line":55,"column":58},"end":{"line":78,"column":3}}},"5":{"name":"(anonymous_5)","decl":{"start":{"line":80,"column":2},"end":{"line":80,"column":7}},"loc":{"start":{"line":80,"column":39},"end":{"line":84,"column":3}}}},"branchMap":{"0":{"loc":{"start":{"line":21,"column":4},"end":{"line":21,"column":105}},"type":"if","locations":[{"start":{"line":21,"column":4},"end":{"line":21,"column":105}},{"start":{},"end":{}}]},"1":{"loc":{"start":{"line":21,"column":8},"end":{"line":21,"column":35}},"type":"binary-expr","locations":[{"start":{"line":21,"column":8},"end":{"line":21,"column":14}},{"start":{"line":21,"column":18},"end":{"line":21,"column":35}}]},"2":{"loc":{"start":{"line":27,"column":4},"end":{"line":27,"column":93}},"type":"if","locations":[{"start":{"line":27,"column":4},"end":{"line":27,"column":93}},{"start":{},"end":{}}]},"3":{"loc":{"start":{"line":38,"column":4},"end":{"line":38,"column":143}},"type":"if","locations":[{"start":{"line":38,"column":4},"end":{"line":38,"column":143}},{"start":{},"end":{}}]},"4":{"loc":{"start":{"line":39,"column":4},"end":{"line":39,"column":98}},"type":"if","locations":[{"start":{"line":39,"column":4},"end":{"line":39,"column":98}},{"start":{},"end":{}}]},"5":{"loc":{"start":{"line":41,"column":4},"end":{"line":41,"column":143}},"type":"if","locations":[{"start":{"line":41,"column":4},"end":{"line":41,"column":143}},{"start":{},"end":{}}]},"6":{"loc":{"start":{"line":42,"column":4},"end":{"line":42,"column":98}},"type":"if","locations":[{"start":{"line":42,"column":4},"end":{"line":42,"column":98}},{"start":{},"end":{}}]},"7":{"loc":{"start":{"line":43,"column":4},"end":{"line":43,"column":95}},"type":"if","locations":[{"start":{"line":43,"column":4},"end":{"line":43,"column":95}},{"start":{},"end":{}}]},"8":{"loc":{"start":{"line":44,"column":4},"end":{"line":44,"column":92}},"type":"if","locations":[{"start":{"line":44,"column":4},"end":{"line":44,"column":92}},{"start":{},"end":{}}]},"9":{"loc":{"start":{"line":48,"column":4},"end":{"line":48,"column":128}},"type":"if","locations":[{"start":{"line":48,"column":4},"end":{"line":48,"column":128}},{"start":{},"end":{}}]},"10":{"loc":{"start":{"line":62,"column":4},"end":{"line":62,"column":143}},"type":"if","locations":[{"start":{"line":62,"column":4},"end":{"line":62,"column":143}},{"start":{},"end":{}}]},"11":{"loc":{"start":{"line":63,"column":4},"end":{"line":63,"column":98}},"type":"if","locations":[{"start":{"line":63,"column":4},"end":{"line":63,"column":98}},{"start":{},"end":{}}]},"12":{"loc":{"start":{"line":64,"column":4},"end":{"line":64,"column":94}},"type":"if","locations":[{"start":{"line":64,"column":4},"end":{"line":64,"column":94}},{"start":{},"end":{}}]},"13":{"loc":{"start":{"line":65,"column":4},"end":{"line":65,"column":92}},"type":"if","locations":[{"start":{"line":65,"column":4},"end":{"line":65,"column":92}},{"start":{},"end":{}}]},"14":{"loc":{"start":{"line":69,"column":4},"end":{"line":69,"column":128}},"type":"if","locations":[{"start":{"line":69,"column":4},"end":{"line":69,"column":128}},{"start":{},"end":{}}]},"15":{"loc":{"start":{"line":72,"column":4},"end":{"line":72,"column":96}},"type":"if","locations":[{"start":{"line":72,"column":4},"end":{"line":72,"column":96}},{"start":{},"end":{}}]},"16":{"loc":{"start":{"line":75,"column":4},"end":{"line":75,"column":97}},"type":"if","locations":[{"start":{"line":75,"column":4},"end":{"line":75,"column":97}},{"start":{},"end":{}}]},"17":{"loc":{"start":{"line":82,"column":4},"end":{"line":82,"column":93}},"type":"if","locations":[{"start":{"line":82,"column":4},"end":{"line":82,"column":93}},{"start":{},"end":{}}]}},"s":{"0":5,"1":5,"2":5,"3":0,"4":0,"5":0,"6":0,"7":0,"8":0,"9":0,"10":0,"11":0,"12":0,"13":0,"14":0,"15":0,"16":0,"17":0,"18":0,"19":0,"20":0,"21":0,"22":0,"23":0,"24":0,"25":0,"26":0,"27":0,"28":0,"29":0,"30":0,"31":0,"32":0,"33":0,"34":0,"35":0,"36":0,"37":0,"38":0,"39":0,"40":0,"41":0,"42":0,"43":0,"44":0,"45":0,"46":0,"47":0,"48":0,"49":0,"50":0,"51":0,"52":0,"53":0,"54":0,"55":0,"56":0,"57":0,"58":0,"59":0,"60":0,"61":0,"62":0,"63":0,"64":0,"65":5},"f":{"0":0,"1":0,"2":0,"3":0,"4":0,"5":0},"b":{"0":[0,0],"1":[0,0],"2":[0,0],"3":[0,0],"4":[0,0],"5":[0,0],"6":[0,0],"7":[0,0],"8":[0,0],"9":[0,0],"10":[0,0],"11":[0,0],"12":[0,0],"13":[0,0],"14":[0,0],"15":[0,0],"16":[0,0],"17":[0,0]}}
,"C:\\Users\\USUARIO\\Desktop\\Inexu\\APPIPOTTERS\\Entrega3\\API-Potters\\src\\core\\aplicacion\\casos-uso\\PeriodoAcademicoCasosUso.ts": {"path":"C:\\Users\\USUARIO\\Desktop\\Inexu\\APPIPOTTERS\\Entrega3\\API-Potters\\src\\core\\aplicacion\\casos-uso\\PeriodoAcademicoCasosUso.ts","statementMap":{"0":{"start":{"line":6,"column":0},"end":{"line":6,"column":80}},"1":{"start":{"line":7,"column":0},"end":{"line":7,"column":76}},"2":{"start":{"line":10,"column":22},"end":{"line":10,"column":70}},"3":{"start":{"line":13,"column":18},"end":{"line":13,"column":70}},"4":{"start":{"line":14,"column":4},"end":{"line":14,"column":115}},"5":{"start":{"line":14,"column":37},"end":{"line":14,"column":115}},"6":{"start":{"line":15,"column":4},"end":{"line":15,"column":17}},"7":{"start":{"line":19,"column":28},"end":{"line":19,"column":88}},"8":{"start":{"line":20,"column":4},"end":{"line":20,"column":104}},"9":{"start":{"line":20,"column":26},"end":{"line":20,"column":104}},"10":{"start":{"line":21,"column":4},"end":{"line":21,"column":27}},"11":{"start":{"line":26,"column":28},"end":{"line":26,"column":98}},"12":{"start":{"line":27,"column":4},"end":{"line":27,"column":272}},"13":{"start":{"line":27,"column":25},"end":{"line":27,"column":272}},"14":{"start":{"line":29,"column":27},"end":{"line":29,"column":83}},"15":{"start":{"line":30,"column":26},"end":{"line":30,"column":97}},"16":{"start":{"line":31,"column":4},"end":{"line":31,"column":null}},"17":{"start":{"line":36,"column":28},"end":{"line":36,"column":101}},"18":{"start":{"line":37,"column":4},"end":{"line":37,"column":272}},"19":{"start":{"line":37,"column":25},"end":{"line":37,"column":272}},"20":{"start":{"line":39,"column":30},"end":{"line":39,"column":90}},"21":{"start":{"line":40,"column":4},"end":{"line":40,"column":106}},"22":{"start":{"line":40,"column":28},"end":{"line":40,"column":106}},"23":{"start":{"line":42,"column":25},"end":{"line":42,"column":51}},"24":{"start":{"line":43,"column":24},"end":{"line":43,"column":40}},"25":{"start":{"line":45,"column":51},"end":{"line":49,"column":6}},"26":{"start":{"line":52,"column":6},"end":{"line":54,"column":47}},"27":{"start":{"line":56,"column":4},"end":{"line":60,"column":5}},"28":{"start":{"line":57,"column":6},"end":{"line":59,"column":8}},"29":{"start":{"line":62,"column":4},"end":{"line":62,"column":72}},"30":{"start":{"line":63,"column":31},"end":{"line":63,"column":97}},"31":{"start":{"line":64,"column":4},"end":{"line":64,"column":131}},"32":{"start":{"line":64,"column":29},"end":{"line":64,"column":131}},"33":{"start":{"line":66,"column":4},"end":{"line":66,"column":30}},"34":{"start":{"line":70,"column":28},"end":{"line":70,"column":84}},"35":{"start":{"line":71,"column":4},"end":{"line":71,"column":104}},"36":{"start":{"line":71,"column":26},"end":{"line":71,"column":104}},"37":{"start":{"line":72,"column":4},"end":{"line":72,"column":27}},"38":{"start":{"line":76,"column":14},"end":{"line":76,"column":29}},"39":{"start":{"line":77,"column":16},"end":{"line":77,"column":52}},"40":{"start":{"line":78,"column":16},"end":{"line":78,"column":57}},"41":{"start":{"line":79,"column":17},"end":{"line":79,"column":32}},"42":{"start":{"line":80,"column":4},"end":{"line":80,"column":35}},"43":{"start":{"line":9,"column":0},"end":{"line":9,"column":13}}},"fnMap":{"0":{"name":"(anonymous_0)","decl":{"start":{"line":10,"column":2},"end":{"line":10,"column":22}},"loc":{"start":{"line":10,"column":70},"end":{"line":10,"column":75}}},"1":{"name":"(anonymous_1)","decl":{"start":{"line":12,"column":2},"end":{"line":12,"column":7}},"loc":{"start":{"line":12,"column":39},"end":{"line":16,"column":3}}},"2":{"name":"(anonymous_2)","decl":{"start":{"line":18,"column":2},"end":{"line":18,"column":7}},"loc":{"start":{"line":18,"column":45},"end":{"line":22,"column":3}}},"3":{"name":"(anonymous_3)","decl":{"start":{"line":24,"column":2},"end":{"line":24,"column":7}},"loc":{"start":{"line":24,"column":54},"end":{"line":32,"column":3}}},"4":{"name":"(anonymous_4)","decl":{"start":{"line":34,"column":2},"end":{"line":34,"column":7}},"loc":{"start":{"line":34,"column":73},"end":{"line":67,"column":3}}},"5":{"name":"(anonymous_5)","decl":{"start":{"line":69,"column":2},"end":{"line":69,"column":7}},"loc":{"start":{"line":69,"column":41},"end":{"line":73,"column":3}}},"6":{"name":"(anonymous_6)","decl":{"start":{"line":75,"column":2},"end":{"line":75,"column":16}},"loc":{"start":{"line":75,"column":37},"end":{"line":81,"column":3}}}},"branchMap":{"0":{"loc":{"start":{"line":14,"column":4},"end":{"line":14,"column":115}},"type":"if","locations":[{"start":{"line":14,"column":4},"end":{"line":14,"column":115}},{"start":{},"end":{}}]},"1":{"loc":{"start":{"line":14,"column":8},"end":{"line":14,"column":35}},"type":"binary-expr","locations":[{"start":{"line":14,"column":8},"end":{"line":14,"column":14}},{"start":{"line":14,"column":18},"end":{"line":14,"column":35}}]},"2":{"loc":{"start":{"line":20,"column":4},"end":{"line":20,"column":104}},"type":"if","locations":[{"start":{"line":20,"column":4},"end":{"line":20,"column":104}},{"start":{},"end":{}}]},"3":{"loc":{"start":{"line":27,"column":4},"end":{"line":27,"column":272}},"type":"if","locations":[{"start":{"line":27,"column":4},"end":{"line":27,"column":272}},{"start":{},"end":{}}]},"4":{"loc":{"start":{"line":37,"column":4},"end":{"line":37,"column":272}},"type":"if","locations":[{"start":{"line":37,"column":4},"end":{"line":37,"column":272}},{"start":{},"end":{}}]},"5":{"loc":{"start":{"line":40,"column":4},"end":{"line":40,"column":106}},"type":"if","locations":[{"start":{"line":40,"column":4},"end":{"line":40,"column":106}},{"start":{},"end":{}}]},"6":{"loc":{"start":{"line":52,"column":6},"end":{"line":54,"column":47}},"type":"binary-expr","locations":[{"start":{"line":52,"column":7},"end":{"line":52,"column":25}},{"start":{"line":52,"column":30},"end":{"line":52,"column":47}},{"start":{"line":52,"column":51},"end":{"line":52,"column":68}},{"start":{"line":52,"column":72},"end":{"line":52,"column":89}},{"start":{"line":53,"column":7},"end":{"line":53,"column":25}},{"start":{"line":53,"column":30},"end":{"line":53,"column":47}},{"start":{"line":53,"column":51},"end":{"line":53,"column":68}},{"start":{"line":54,"column":7},"end":{"line":54,"column":25}},{"start":{"line":54,"column":29},"end":{"line":54,"column":46}}]},"7":{"loc":{"start":{"line":56,"column":4},"end":{"line":60,"column":5}},"type":"if","locations":[{"start":{"line":56,"column":4},"end":{"line":60,"column":5}},{"start":{},"end":{}}]},"8":{"loc":{"start":{"line":64,"column":4},"end":{"line":64,"column":131}},"type":"if","locations":[{"start":{"line":64,"column":4},"end":{"line":64,"column":131}},{"start":{},"end":{}}]},"9":{"loc":{"start":{"line":71,"column":4},"end":{"line":71,"column":104}},"type":"if","locations":[{"start":{"line":71,"column":4},"end":{"line":71,"column":104}},{"start":{},"end":{}}]}},"s":{"0":5,"1":5,"2":0,"3":0,"4":0,"5":0,"6":0,"7":0,"8":0,"9":0,"10":0,"11":0,"12":0,"13":0,"14":0,"15":0,"16":0,"17":0,"18":0,"19":0,"20":0,"21":0,"22":0,"23":0,"24":0,"25":0,"26":0,"27":0,"28":0,"29":0,"30":0,"31":0,"32":0,"33":0,"34":0,"35":0,"36":0,"37":0,"38":0,"39":0,"40":0,"41":0,"42":0,"43":5},"f":{"0":0,"1":0,"2":0,"3":0,"4":0,"5":0,"6":0},"b":{"0":[0,0],"1":[0,0],"2":[0,0],"3":[0,0],"4":[0,0],"5":[0,0],"6":[0,0,0,0,0,0,0,0,0],"7":[0,0],"8":[0,0],"9":[0,0]}}
,"C:\\Users\\USUARIO\\Desktop\\Inexu\\APPIPOTTERS\\Entrega3\\API-Potters\\src\\core\\aplicacion\\casos-uso\\PlanEstudioCasosUso.ts": {"path":"C:\\Users\\USUARIO\\Desktop\\Inexu\\APPIPOTTERS\\Entrega3\\API-Potters\\src\\core\\aplicacion\\casos-uso\\PlanEstudioCasosUso.ts","statementMap":{"0":{"start":{"line":9,"column":0},"end":{"line":9,"column":80}},"1":{"start":{"line":10,"column":0},"end":{"line":10,"column":76}},"2":{"start":{"line":14,"column":16},"end":{"line":14,"column":63}},"3":{"start":{"line":15,"column":16},"end":{"line":15,"column":57}},"4":{"start":{"line":16,"column":16},"end":{"line":16,"column":61}},"5":{"start":{"line":20,"column":22},"end":{"line":20,"column":81}},"6":{"start":{"line":21,"column":8},"end":{"line":21,"column":117}},"7":{"start":{"line":21,"column":41},"end":{"line":21,"column":117}},"8":{"start":{"line":22,"column":8},"end":{"line":22,"column":21}},"9":{"start":{"line":26,"column":36},"end":{"line":26,"column":108}},"10":{"start":{"line":27,"column":8},"end":{"line":27,"column":110}},"11":{"start":{"line":27,"column":34},"end":{"line":27,"column":110}},"12":{"start":{"line":28,"column":8},"end":{"line":28,"column":35}},"13":{"start":{"line":32,"column":65},"end":{"line":32,"column":81}},"14":{"start":{"line":34,"column":31},"end":{"line":34,"column":94}},"15":{"start":{"line":35,"column":8},"end":{"line":35,"column":120}},"16":{"start":{"line":35,"column":29},"end":{"line":35,"column":120}},"17":{"start":{"line":37,"column":33},"end":{"line":37,"column":102}},"18":{"start":{"line":38,"column":8},"end":{"line":38,"column":116}},"19":{"start":{"line":38,"column":31},"end":{"line":38,"column":116}},"20":{"start":{"line":40,"column":28},"end":{"line":43,"column":null}},"21":{"start":{"line":46,"column":8},"end":{"line":46,"column":127}},"22":{"start":{"line":46,"column":25},"end":{"line":46,"column":127}},"23":{"start":{"line":48,"column":48},"end":{"line":53,"column":10}},"24":{"start":{"line":55,"column":35},"end":{"line":55,"column":104}},"25":{"start":{"line":56,"column":39},"end":{"line":56,"column":122}},"26":{"start":{"line":58,"column":8},"end":{"line":58,"column":38}},"27":{"start":{"line":62,"column":55},"end":{"line":62,"column":66}},"28":{"start":{"line":64,"column":37},"end":{"line":64,"column":109}},"29":{"start":{"line":65,"column":8},"end":{"line":65,"column":107}},"30":{"start":{"line":65,"column":35},"end":{"line":65,"column":107}},"31":{"start":{"line":67,"column":31},"end":{"line":67,"column":94}},"32":{"start":{"line":68,"column":8},"end":{"line":68,"column":111}},"33":{"start":{"line":68,"column":29},"end":{"line":68,"column":111}},"34":{"start":{"line":70,"column":33},"end":{"line":70,"column":102}},"35":{"start":{"line":71,"column":8},"end":{"line":71,"column":117}},"36":{"start":{"line":71,"column":31},"end":{"line":71,"column":117}},"37":{"start":{"line":73,"column":28},"end":{"line":77,"column":null}},"38":{"start":{"line":80,"column":8},"end":{"line":80,"column":127}},"39":{"start":{"line":80,"column":25},"end":{"line":80,"column":127}},"40":{"start":{"line":82,"column":8},"end":{"line":85,"column":10}},"41":{"start":{"line":87,"column":39},"end":{"line":87,"column":117}},"42":{"start":{"line":88,"column":8},"end":{"line":88,"column":38}},"43":{"start":{"line":92,"column":36},"end":{"line":92,"column":104}},"44":{"start":{"line":93,"column":8},"end":{"line":93,"column":110}},"45":{"start":{"line":93,"column":34},"end":{"line":93,"column":110}},"46":{"start":{"line":94,"column":8},"end":{"line":94,"column":35}},"47":{"start":{"line":12,"column":0},"end":{"line":12,"column":13}}},"fnMap":{"0":{"name":"(anonymous_0)","decl":{"start":{"line":13,"column":4},"end":{"line":13,"column":null}},"loc":{"start":{"line":16,"column":61},"end":{"line":17,"column":9}}},"1":{"name":"(anonymous_1)","decl":{"start":{"line":19,"column":4},"end":{"line":19,"column":9}},"loc":{"start":{"line":19,"column":44},"end":{"line":23,"column":5}}},"2":{"name":"(anonymous_2)","decl":{"start":{"line":25,"column":4},"end":{"line":25,"column":9}},"loc":{"start":{"line":25,"column":55},"end":{"line":29,"column":5}}},"3":{"name":"(anonymous_3)","decl":{"start":{"line":31,"column":4},"end":{"line":31,"column":9}},"loc":{"start":{"line":31,"column":59},"end":{"line":59,"column":5}}},"4":{"name":"(anonymous_4)","decl":{"start":{"line":61,"column":4},"end":{"line":61,"column":9}},"loc":{"start":{"line":61,"column":80},"end":{"line":89,"column":5}}},"5":{"name":"(anonymous_5)","decl":{"start":{"line":91,"column":4},"end":{"line":91,"column":9}},"loc":{"start":{"line":91,"column":51},"end":{"line":95,"column":5}}}},"branchMap":{"0":{"loc":{"start":{"line":21,"column":8},"end":{"line":21,"column":117}},"type":"if","locations":[{"start":{"line":21,"column":8},"end":{"line":21,"column":117}},{"start":{},"end":{}}]},"1":{"loc":{"start":{"line":21,"column":12},"end":{"line":21,"column":39}},"type":"binary-expr","locations":[{"start":{"line":21,"column":12},"end":{"line":21,"column":18}},{"start":{"line":21,"column":22},"end":{"line":21,"column":39}}]},"2":{"loc":{"start":{"line":27,"column":8},"end":{"line":27,"column":110}},"type":"if","locations":[{"start":{"line":27,"column":8},"end":{"line":27,"column":110}},{"start":{},"end":{}}]},"3":{"loc":{"start":{"line":35,"column":8},"end":{"line":35,"column":120}},"type":"if","locations":[{"start":{"line":35,"column":8},"end":{"line":35,"column":120}},{"start":{},"end":{}}]},"4":{"loc":{"start":{"line":38,"column":8},"end":{"line":38,"column":116}},"type":"if","locations":[{"start":{"line":38,"column":8},"end":{"line":38,"column":116}},{"start":{},"end":{}}]},"5":{"loc":{"start":{"line":46,"column":8},"end":{"line":46,"column":127}},"type":"if","locations":[{"start":{"line":46,"column":8},"end":{"line":46,"column":127}},{"start":{},"end":{}}]},"6":{"loc":{"start":{"line":65,"column":8},"end":{"line":65,"column":107}},"type":"if","locations":[{"start":{"line":65,"column":8},"end":{"line":65,"column":107}},{"start":{},"end":{}}]},"7":{"loc":{"start":{"line":68,"column":8},"end":{"line":68,"column":111}},"type":"if","locations":[{"start":{"line":68,"column":8},"end":{"line":68,"column":111}},{"start":{},"end":{}}]},"8":{"loc":{"start":{"line":71,"column":8},"end":{"line":71,"column":117}},"type":"if","locations":[{"start":{"line":71,"column":8},"end":{"line":71,"column":117}},{"start":{},"end":{}}]},"9":{"loc":{"start":{"line":80,"column":8},"end":{"line":80,"column":127}},"type":"if","locations":[{"start":{"line":80,"column":8},"end":{"line":80,"column":127}},{"start":{},"end":{}}]},"10":{"loc":{"start":{"line":93,"column":8},"end":{"line":93,"column":110}},"type":"if","locations":[{"start":{"line":93,"column":8},"end":{"line":93,"column":110}},{"start":{},"end":{}}]}},"s":{"0":5,"1":5,"2":0,"3":0,"4":0,"5":0,"6":0,"7":0,"8":0,"9":0,"10":0,"11":0,"12":0,"13":0,"14":0,"15":0,"16":0,"17":0,"18":0,"19":0,"20":0,"21":0,"22":0,"23":0,"24":0,"25":0,"26":0,"27":0,"28":0,"29":0,"30":0,"31":0,"32":0,"33":0,"34":0,"35":0,"36":0,"37":0,"38":0,"39":0,"40":0,"41":0,"42":0,"43":0,"44":0,"45":0,"46":0,"47":5},"f":{"0":0,"1":0,"2":0,"3":0,"4":0,"5":0},"b":{"0":[0,0],"1":[0,0],"2":[0,0],"3":[0,0],"4":[0,0],"5":[0,0],"6":[0,0],"7":[0,0],"8":[0,0],"9":[0,0],"10":[0,0]}}
,"C:\\Users\\USUARIO\\Desktop\\Inexu\\APPIPOTTERS\\Entrega3\\API-Potters\\src\\core\\aplicacion\\casos-uso\\ProgramaCasosUso.ts": {"path":"C:\\Users\\USUARIO\\Desktop\\Inexu\\APPIPOTTERS\\Entrega3\\API-Potters\\src\\core\\aplicacion\\casos-uso\\ProgramaCasosUso.ts","statementMap":{"0":{"start":{"line":2,"column":0},"end":{"line":2,"column":80}},"1":{"start":{"line":8,"column":24},"end":{"line":8,"column":65}},"2":{"start":{"line":11,"column":22},"end":{"line":11,"column":75}},"3":{"start":{"line":12,"column":8},"end":{"line":12,"column":120}},"4":{"start":{"line":12,"column":41},"end":{"line":12,"column":120}},"5":{"start":{"line":13,"column":8},"end":{"line":13,"column":21}},"6":{"start":{"line":17,"column":33},"end":{"line":17,"column":96}},"7":{"start":{"line":18,"column":8},"end":{"line":18,"column":110}},"8":{"start":{"line":18,"column":31},"end":{"line":18,"column":110}},"9":{"start":{"line":19,"column":8},"end":{"line":19,"column":32}},"10":{"start":{"line":23,"column":32},"end":{"line":23,"column":91}},"11":{"start":{"line":24,"column":8},"end":{"line":24,"column":31}},"12":{"start":{"line":28,"column":36},"end":{"line":30,"column":null}},"13":{"start":{"line":33,"column":8},"end":{"line":33,"column":126}},"14":{"start":{"line":33,"column":34},"end":{"line":33,"column":126}},"15":{"start":{"line":34,"column":8},"end":{"line":34,"column":35}},"16":{"start":{"line":38,"column":33},"end":{"line":38,"column":92}},"17":{"start":{"line":39,"column":8},"end":{"line":39,"column":110}},"18":{"start":{"line":39,"column":31},"end":{"line":39,"column":110}},"19":{"start":{"line":40,"column":8},"end":{"line":40,"column":32}},"20":{"start":{"line":7,"column":0},"end":{"line":7,"column":13}}},"fnMap":{"0":{"name":"(anonymous_0)","decl":{"start":{"line":8,"column":4},"end":{"line":8,"column":24}},"loc":{"start":{"line":8,"column":65},"end":{"line":8,"column":70}}},"1":{"name":"(anonymous_1)","decl":{"start":{"line":10,"column":4},"end":{"line":10,"column":9}},"loc":{"start":{"line":10,"column":41},"end":{"line":14,"column":5}}},"2":{"name":"(anonymous_2)","decl":{"start":{"line":16,"column":4},"end":{"line":16,"column":9}},"loc":{"start":{"line":16,"column":50},"end":{"line":20,"column":5}}},"3":{"name":"(anonymous_3)","decl":{"start":{"line":22,"column":4},"end":{"line":22,"column":9}},"loc":{"start":{"line":22,"column":50},"end":{"line":25,"column":5}}},"4":{"name":"(anonymous_4)","decl":{"start":{"line":27,"column":4},"end":{"line":27,"column":9}},"loc":{"start":{"line":27,"column":68},"end":{"line":35,"column":5}}},"5":{"name":"(anonymous_5)","decl":{"start":{"line":37,"column":4},"end":{"line":37,"column":9}},"loc":{"start":{"line":37,"column":45},"end":{"line":41,"column":5}}}},"branchMap":{"0":{"loc":{"start":{"line":12,"column":8},"end":{"line":12,"column":120}},"type":"if","locations":[{"start":{"line":12,"column":8},"end":{"line":12,"column":120}},{"start":{},"end":{}}]},"1":{"loc":{"start":{"line":12,"column":12},"end":{"line":12,"column":39}},"type":"binary-expr","locations":[{"start":{"line":12,"column":12},"end":{"line":12,"column":18}},{"start":{"line":12,"column":22},"end":{"line":12,"column":39}}]},"2":{"loc":{"start":{"line":18,"column":8},"end":{"line":18,"column":110}},"type":"if","locations":[{"start":{"line":18,"column":8},"end":{"line":18,"column":110}},{"start":{},"end":{}}]},"3":{"loc":{"start":{"line":33,"column":8},"end":{"line":33,"column":126}},"type":"if","locations":[{"start":{"line":33,"column":8},"end":{"line":33,"column":126}},{"start":{},"end":{}}]},"4":{"loc":{"start":{"line":39,"column":8},"end":{"line":39,"column":110}},"type":"if","locations":[{"start":{"line":39,"column":8},"end":{"line":39,"column":110}},{"start":{},"end":{}}]}},"s":{"0":5,"1":0,"2":0,"3":0,"4":0,"5":0,"6":0,"7":0,"8":0,"9":0,"10":0,"11":0,"12":0,"13":0,"14":0,"15":0,"16":0,"17":0,"18":0,"19":0,"20":5},"f":{"0":0,"1":0,"2":0,"3":0,"4":0,"5":0},"b":{"0":[0,0],"1":[0,0],"2":[0,0],"3":[0,0],"4":[0,0]}}
,"C:\\Users\\USUARIO\\Desktop\\Inexu\\APPIPOTTERS\\Entrega3\\API-Potters\\src\\core\\dominio\\enum\\estadoPeriodoAcademico.ts": {"path":"C:\\Users\\USUARIO\\Desktop\\Inexu\\APPIPOTTERS\\Entrega3\\API-Potters\\src\\core\\dominio\\enum\\estadoPeriodoAcademico.ts","statementMap":{"0":{"start":{"line":1,"column":0},"end":{"line":1,"column":null}},"1":{"start":{"line":2,"column":2},"end":{"line":2,"column":null}},"2":{"start":{"line":3,"column":2},"end":{"line":3,"column":null}},"3":{"start":{"line":4,"column":2},"end":{"line":4,"column":null}}},"fnMap":{"0":{"name":"(anonymous_0)","decl":{"start":{"line":1,"column":0},"end":{"line":1,"column":12}},"loc":{"start":{"line":1,"column":34},"end":{"line":5,"column":1}}}},"branchMap":{"0":{"loc":{"start":{"line":1,"column":12},"end":{"line":1,"column":null}},"type":"binary-expr","locations":[{"start":{"line":1,"column":12},"end":{"line":1,"column":34}},{"start":{"line":1,"column":34},"end":{"line":1,"column":null}}]}},"s":{"0":5,"1":5,"2":5,"3":5},"f":{"0":5},"b":{"0":[5,5]}}
,"C:\\Users\\USUARIO\\Desktop\\Inexu\\APPIPOTTERS\\Entrega3\\API-Potters\\src\\core\\dominio\\errores\\encontrarError.ts": {"path":"C:\\Users\\USUARIO\\Desktop\\Inexu\\APPIPOTTERS\\Entrega3\\API-Potters\\src\\core\\dominio\\errores\\encontrarError.ts","statementMap":{"0":{"start":{"line":2,"column":31},"end":{"line":2,"column":34}},"1":{"start":{"line":4,"column":4},"end":{"line":4,"column":19}},"2":{"start":{"line":5,"column":4},"end":{"line":5,"column":43}},"3":{"start":{"line":6,"column":4},"end":{"line":6,"column":68}},"4":{"start":{"line":1,"column":0},"end":{"line":1,"column":13}}},"fnMap":{"0":{"name":"(anonymous_0)","decl":{"start":{"line":3,"column":2},"end":{"line":3,"column":14}},"loc":{"start":{"line":3,"column":29},"end":{"line":7,"column":3}}}},"branchMap":{},"s":{"0":4,"1":4,"2":4,"3":4,"4":5},"f":{"0":4},"b":{}}
,"C:\\Users\\USUARIO\\Desktop\\Inexu\\APPIPOTTERS\\Entrega3\\API-Potters\\src\\core\\dominio\\errores\\reglaNegocioError.ts": {"path":"C:\\Users\\USUARIO\\Desktop\\Inexu\\APPIPOTTERS\\Entrega3\\API-Potters\\src\\core\\dominio\\errores\\reglaNegocioError.ts","statementMap":{"0":{"start":{"line":2,"column":31},"end":{"line":2,"column":34}},"1":{"start":{"line":4,"column":4},"end":{"line":4,"column":19}},"2":{"start":{"line":5,"column":4},"end":{"line":5,"column":36}},"3":{"start":{"line":6,"column":4},"end":{"line":6,"column":61}},"4":{"start":{"line":1,"column":0},"end":{"line":1,"column":13}}},"fnMap":{"0":{"name":"(anonymous_0)","decl":{"start":{"line":3,"column":2},"end":{"line":3,"column":14}},"loc":{"start":{"line":3,"column":29},"end":{"line":7,"column":3}}}},"branchMap":{},"s":{"0":0,"1":0,"2":0,"3":0,"4":5},"f":{"0":0},"b":{}}
,"C:\\Users\\USUARIO\\Desktop\\Inexu\\APPIPOTTERS\\Entrega3\\API-Potters\\src\\core\\dominio\\periodoAcademico\\PeriodoAcademico.ts": {"path":"C:\\Users\\USUARIO\\Desktop\\Inexu\\APPIPOTTERS\\Entrega3\\API-Potters\\src\\core\\dominio\\periodoAcademico\\PeriodoAcademico.ts","statementMap":{"0":{"start":{"line":2,"column":0},"end":{"line":2,"column":72}},"1":{"start":{"line":13,"column":4},"end":{"line":13,"column":51}},"2":{"start":{"line":14,"column":4},"end":{"line":14,"column":57}},"3":{"start":{"line":15,"column":4},"end":{"line":15,"column":51}},"4":{"start":{"line":16,"column":4},"end":{"line":16,"column":51}},"5":{"start":{"line":21,"column":18},"end":{"line":21,"column":20}},"6":{"start":{"line":23,"column":4},"end":{"line":25,"column":5}},"7":{"start":{"line":24,"column":6},"end":{"line":24,"column":49}},"8":{"start":{"line":27,"column":4},"end":{"line":29,"column":5}},"9":{"start":{"line":28,"column":6},"end":{"line":28,"column":42}},"10":{"start":{"line":31,"column":4},"end":{"line":33,"column":5}},"11":{"start":{"line":32,"column":6},"end":{"line":32,"column":33}},"12":{"start":{"line":35,"column":4},"end":{"line":35,"column":19}},"13":{"start":{"line":4,"column":0},"end":{"line":4,"column":13}}},"fnMap":{"0":{"name":"(anonymous_0)","decl":{"start":{"line":12,"column":2},"end":{"line":12,"column":14}},"loc":{"start":{"line":12,"column":54},"end":{"line":17,"column":3}}},"1":{"name":"(anonymous_1)","decl":{"start":{"line":19,"column":2},"end":{"line":19,"column":15}},"loc":{"start":{"line":19,"column":15},"end":{"line":36,"column":3}}}},"branchMap":{"0":{"loc":{"start":{"line":23,"column":4},"end":{"line":25,"column":5}},"type":"if","locations":[{"start":{"line":23,"column":4},"end":{"line":25,"column":5}},{"start":{},"end":{}}]},"1":{"loc":{"start":{"line":27,"column":4},"end":{"line":29,"column":5}},"type":"if","locations":[{"start":{"line":27,"column":4},"end":{"line":29,"column":5}},{"start":{},"end":{}}]},"2":{"loc":{"start":{"line":31,"column":4},"end":{"line":33,"column":5}},"type":"if","locations":[{"start":{"line":31,"column":4},"end":{"line":33,"column":5}},{"start":{},"end":{}}]}},"s":{"0":5,"1":0,"2":0,"3":0,"4":0,"5":0,"6":0,"7":0,"8":0,"9":0,"10":0,"11":0,"12":0,"13":5},"f":{"0":0,"1":0},"b":{"0":[0,0],"1":[0,0],"2":[0,0]}}
,"C:\\Users\\USUARIO\\Desktop\\Inexu\\APPIPOTTERS\\Entrega3\\API-Potters\\src\\core\\infraestructura\\postgres\\asignaturaRepository.ts": {"path":"C:\\Users\\USUARIO\\Desktop\\Inexu\\APPIPOTTERS\\Entrega3\\API-Potters\\src\\core\\infraestructura\\postgres\\asignaturaRepository.ts","statementMap":{"0":{"start":{"line":2,"column":0},"end":{"line":2,"column":53}},"1":{"start":{"line":8,"column":47},"end":{"line":8,"column":77}},"2":{"start":{"line":9,"column":18},"end":{"line":13,"column":6}},"3":{"start":{"line":15,"column":22},"end":{"line":15,"column":63}},"4":{"start":{"line":16,"column":4},"end":{"line":16,"column":42}},"5":{"start":{"line":20,"column":16},"end":{"line":20,"column":42}},"6":{"start":{"line":21,"column":30},"end":{"line":21,"column":32}},"7":{"start":{"line":23,"column":4},"end":{"line":26,"column":5}},"8":{"start":{"line":24,"column":6},"end":{"line":24,"column":27}},"9":{"start":{"line":25,"column":6},"end":{"line":25,"column":27}},"10":{"start":{"line":28,"column":19},"end":{"line":28,"column":57}},"11":{"start":{"line":29,"column":4},"end":{"line":29,"column":23}},"12":{"start":{"line":33,"column":18},"end":{"line":33,"column":68}},"13":{"start":{"line":34,"column":19},"end":{"line":34,"column":64}},"14":{"start":{"line":35,"column":4},"end":{"line":35,"column":34}},"15":{"start":{"line":39,"column":23},"end":{"line":39,"column":53}},"16":{"start":{"line":40,"column":4},"end":{"line":40,"column":24}},"17":{"start":{"line":42,"column":18},"end":{"line":47,"column":6}},"18":{"start":{"line":49,"column":19},"end":{"line":49,"column":60}},"19":{"start":{"line":50,"column":4},"end":{"line":50,"column":26}},"20":{"start":{"line":54,"column":18},"end":{"line":54,"column":78}},"21":{"start":{"line":55,"column":19},"end":{"line":55,"column":64}},"22":{"start":{"line":56,"column":4},"end":{"line":56,"column":34}},"23":{"start":{"line":5,"column":0},"end":{"line":5,"column":13}}},"fnMap":{"0":{"name":"(anonymous_0)","decl":{"start":{"line":7,"column":2},"end":{"line":7,"column":7}},"loc":{"start":{"line":7,"column":52},"end":{"line":17,"column":3}}},"1":{"name":"(anonymous_1)","decl":{"start":{"line":19,"column":2},"end":{"line":19,"column":7}},"loc":{"start":{"line":19,"column":41},"end":{"line":30,"column":3}}},"2":{"name":"(anonymous_2)","decl":{"start":{"line":32,"column":2},"end":{"line":32,"column":7}},"loc":{"start":{"line":32,"column":51},"end":{"line":36,"column":3}}},"3":{"name":"(anonymous_3)","decl":{"start":{"line":38,"column":2},"end":{"line":38,"column":7}},"loc":{"start":{"line":38,"column":69},"end":{"line":51,"column":3}}},"4":{"name":"(anonymous_4)","decl":{"start":{"line":53,"column":2},"end":{"line":53,"column":7}},"loc":{"start":{"line":53,"column":47},"end":{"line":57,"column":3}}}},"branchMap":{"0":{"loc":{"start":{"line":23,"column":4},"end":{"line":26,"column":5}},"type":"if","locations":[{"start":{"line":23,"column":4},"end":{"line":26,"column":5}},{"start":{},"end":{}}]},"1":{"loc":{"start":{"line":35,"column":11},"end":{"line":35,"column":33}},"type":"binary-expr","locations":[{"start":{"line":35,"column":11},"end":{"line":35,"column":25}},{"start":{"line":35,"column":29},"end":{"line":35,"column":33}}]},"2":{"loc":{"start":{"line":56,"column":11},"end":{"line":56,"column":33}},"type":"binary-expr","locations":[{"start":{"line":56,"column":11},"end":{"line":56,"column":25}},{"start":{"line":56,"column":29},"end":{"line":56,"column":33}}]}},"s":{"0":3,"1":0,"2":0,"3":0,"4":0,"5":0,"6":0,"7":0,"8":0,"9":0,"10":0,"11":0,"12":0,"13":0,"14":0,"15":0,"16":0,"17":0,"18":0,"19":0,"20":0,"21":0,"22":0,"23":3},"f":{"0":0,"1":0,"2":0,"3":0,"4":0},"b":{"0":[0,0],"1":[0,0],"2":[0,0]}}
,"C:\\Users\\USUARIO\\Desktop\\Inexu\\APPIPOTTERS\\Entrega3\\API-Potters\\src\\core\\infraestructura\\postgres\\clientePostgres.ts": {"path":"C:\\Users\\USUARIO\\Desktop\\Inexu\\APPIPOTTERS\\Entrega3\\API-Potters\\src\\core\\infraestructura\\postgres\\clientePostgres.ts","statementMap":{"0":{"start":{"line":13,"column":0},"end":{"line":13,"column":7}},"1":{"start":{"line":1,"column":0},"end":{"line":1,"column":33}},"2":{"start":{"line":2,"column":0},"end":{"line":2,"column":58}},"3":{"start":{"line":3,"column":0},"end":{"line":3,"column":38}},"4":{"start":{"line":3,"column":33},"end":{"line":3,"column":36}},"5":{"start":{"line":5,"column":13},"end":{"line":11,"column":2}},"6":{"start":{"line":17,"column":2},"end":{"line":17,"column":48}}},"fnMap":{"0":{"name":"(anonymous_0)","decl":{"start":{"line":3,"column":26},"end":{"line":3,"column":29}},"loc":{"start":{"line":3,"column":33},"end":{"line":3,"column":36}}},"1":{"name":"ejecutarConsulta","decl":{"start":{"line":13,"column":22},"end":{"line":13,"column":38}},"loc":{"start":{"line":15,"column":37},"end":{"line":18,"column":1}}}},"branchMap":{},"s":{"0":5,"1":5,"2":5,"3":5,"4":0,"5":5,"6":0},"f":{"0":0,"1":0},"b":{}}
,"C:\\Users\\USUARIO\\Desktop\\Inexu\\APPIPOTTERS\\Entrega3\\API-Potters\\src\\core\\infraestructura\\postgres\\ofertaRepository.ts": {"path":"C:\\Users\\USUARIO\\Desktop\\Inexu\\APPIPOTTERS\\Entrega3\\API-Potters\\src\\core\\infraestructura\\postgres\\ofertaRepository.ts","statementMap":{"0":{"start":{"line":2,"column":0},"end":{"line":2,"column":53}},"1":{"start":{"line":10,"column":47},"end":{"line":10,"column":73}},"2":{"start":{"line":11,"column":18},"end":{"line":15,"column":6}},"3":{"start":{"line":17,"column":22},"end":{"line":17,"column":63}},"4":{"start":{"line":18,"column":4},"end":{"line":18,"column":38}},"5":{"start":{"line":22,"column":16},"end":{"line":22,"column":38}},"6":{"start":{"line":23,"column":30},"end":{"line":23,"column":32}},"7":{"start":{"line":25,"column":4},"end":{"line":28,"column":5}},"8":{"start":{"line":26,"column":6},"end":{"line":26,"column":27}},"9":{"start":{"line":27,"column":6},"end":{"line":27,"column":27}},"10":{"start":{"line":30,"column":19},"end":{"line":30,"column":57}},"11":{"start":{"line":31,"column":4},"end":{"line":31,"column":23}},"12":{"start":{"line":35,"column":18},"end":{"line":35,"column":60}},"13":{"start":{"line":36,"column":19},"end":{"line":36,"column":60}},"14":{"start":{"line":37,"column":4},"end":{"line":37,"column":34}},"15":{"start":{"line":41,"column":23},"end":{"line":41,"column":49}},"16":{"start":{"line":42,"column":4},"end":{"line":42,"column":24}},"17":{"start":{"line":44,"column":18},"end":{"line":48,"column":6}},"18":{"start":{"line":50,"column":19},"end":{"line":50,"column":60}},"19":{"start":{"line":51,"column":4},"end":{"line":51,"column":34}},"20":{"start":{"line":55,"column":18},"end":{"line":55,"column":70}},"21":{"start":{"line":56,"column":19},"end":{"line":56,"column":60}},"22":{"start":{"line":57,"column":4},"end":{"line":57,"column":34}},"23":{"start":{"line":61,"column":18},"end":{"line":67,"column":4}},"24":{"start":{"line":69,"column":59},"end":{"line":69,"column":70}},"25":{"start":{"line":70,"column":19},"end":{"line":70,"column":63}},"26":{"start":{"line":71,"column":19},"end":{"line":71,"column":56}},"27":{"start":{"line":72,"column":4},"end":{"line":72,"column":39}},"28":{"start":{"line":76,"column":18},"end":{"line":81,"column":4}},"29":{"start":{"line":83,"column":19},"end":{"line":83,"column":29}},"30":{"start":{"line":84,"column":19},"end":{"line":84,"column":56}},"31":{"start":{"line":85,"column":4},"end":{"line":85,"column":34}},"32":{"start":{"line":6,"column":0},"end":{"line":6,"column":13}}},"fnMap":{"0":{"name":"(anonymous_0)","decl":{"start":{"line":8,"column":2},"end":{"line":8,"column":7}},"loc":{"start":{"line":8,"column":40},"end":{"line":19,"column":3}}},"1":{"name":"(anonymous_1)","decl":{"start":{"line":21,"column":2},"end":{"line":21,"column":7}},"loc":{"start":{"line":21,"column":37},"end":{"line":32,"column":3}}},"2":{"name":"(anonymous_2)","decl":{"start":{"line":34,"column":2},"end":{"line":34,"column":7}},"loc":{"start":{"line":34,"column":43},"end":{"line":38,"column":3}}},"3":{"name":"(anonymous_3)","decl":{"start":{"line":40,"column":2},"end":{"line":40,"column":7}},"loc":{"start":{"line":40,"column":57},"end":{"line":52,"column":3}}},"4":{"name":"(anonymous_4)","decl":{"start":{"line":54,"column":2},"end":{"line":54,"column":7}},"loc":{"start":{"line":54,"column":39},"end":{"line":58,"column":3}}},"5":{"name":"(anonymous_5)","decl":{"start":{"line":60,"column":2},"end":{"line":60,"column":7}},"loc":{"start":{"line":60,"column":50},"end":{"line":73,"column":3}}},"6":{"name":"(anonymous_6)","decl":{"start":{"line":75,"column":2},"end":{"line":75,"column":7}},"loc":{"start":{"line":75,"column":49},"end":{"line":86,"column":3}}}},"branchMap":{"0":{"loc":{"start":{"line":25,"column":4},"end":{"line":28,"column":5}},"type":"if","locations":[{"start":{"line":25,"column":4},"end":{"line":28,"column":5}},{"start":{},"end":{}}]},"1":{"loc":{"start":{"line":37,"column":11},"end":{"line":37,"column":33}},"type":"binary-expr","locations":[{"start":{"line":37,"column":11},"end":{"line":37,"column":25}},{"start":{"line":37,"column":29},"end":{"line":37,"column":33}}]},"2":{"loc":{"start":{"line":51,"column":11},"end":{"line":51,"column":33}},"type":"binary-expr","locations":[{"start":{"line":51,"column":11},"end":{"line":51,"column":25}},{"start":{"line":51,"column":29},"end":{"line":51,"column":33}}]},"3":{"loc":{"start":{"line":57,"column":11},"end":{"line":57,"column":33}},"type":"binary-expr","locations":[{"start":{"line":57,"column":11},"end":{"line":57,"column":25}},{"start":{"line":57,"column":29},"end":{"line":57,"column":33}}]},"4":{"loc":{"start":{"line":72,"column":12},"end":{"line":72,"column":33}},"type":"binary-expr","locations":[{"start":{"line":72,"column":12},"end":{"line":72,"column":28}},{"start":{"line":72,"column":32},"end":{"line":72,"column":33}}]},"5":{"loc":{"start":{"line":85,"column":11},"end":{"line":85,"column":33}},"type":"binary-expr","locations":[{"start":{"line":85,"column":11},"end":{"line":85,"column":25}},{"start":{"line":85,"column":29},"end":{"line":85,"column":33}}]}},"s":{"0":4,"1":0,"2":0,"3":0,"4":0,"5":0,"6":0,"7":0,"8":0,"9":0,"10":0,"11":0,"12":0,"13":0,"14":0,"15":0,"16":0,"17":0,"18":0,"19":0,"20":0,"21":0,"22":0,"23":0,"24":0,"25":0,"26":0,"27":0,"28":0,"29":0,"30":0,"31":0,"32":4},"f":{"0":0,"1":0,"2":0,"3":0,"4":0,"5":0,"6":0},"b":{"0":[0,0],"1":[0,0],"2":[0,0],"3":[0,0],"4":[0,0],"5":[0,0]}}
,"C:\\Users\\USUARIO\\Desktop\\Inexu\\APPIPOTTERS\\Entrega3\\API-Potters\\src\\core\\infraestructura\\postgres\\periodoAcademicoRepository.ts": {"path":"C:\\Users\\USUARIO\\Desktop\\Inexu\\APPIPOTTERS\\Entrega3\\API-Potters\\src\\core\\infraestructura\\postgres\\periodoAcademicoRepository.ts","statementMap":{"0":{"start":{"line":2,"column":0},"end":{"line":2,"column":53}},"1":{"start":{"line":5,"column":0},"end":{"line":5,"column":59}},"2":{"start":{"line":11,"column":23},"end":{"line":16,"column":6}},"3":{"start":{"line":18,"column":18},"end":{"line":22,"column":10}},"4":{"start":{"line":24,"column":22},"end":{"line":24,"column":63}},"5":{"start":{"line":25,"column":4},"end":{"line":25,"column":39}},"6":{"start":{"line":29,"column":16},"end":{"line":29,"column":48}},"7":{"start":{"line":30,"column":30},"end":{"line":30,"column":32}},"8":{"start":{"line":32,"column":4},"end":{"line":35,"column":5}},"9":{"start":{"line":33,"column":6},"end":{"line":33,"column":27}},"10":{"start":{"line":34,"column":6},"end":{"line":34,"column":27}},"11":{"start":{"line":37,"column":19},"end":{"line":37,"column":57}},"12":{"start":{"line":38,"column":4},"end":{"line":38,"column":23}},"13":{"start":{"line":42,"column":18},"end":{"line":42,"column":136}},"14":{"start":{"line":43,"column":19},"end":{"line":43,"column":61}},"15":{"start":{"line":44,"column":4},"end":{"line":44,"column":34}},"16":{"start":{"line":49,"column":23},"end":{"line":54,"column":6}},"17":{"start":{"line":55,"column":4},"end":{"line":55,"column":24}},"18":{"start":{"line":57,"column":18},"end":{"line":62,"column":6}},"19":{"start":{"line":64,"column":19},"end":{"line":64,"column":60}},"20":{"start":{"line":65,"column":4},"end":{"line":65,"column":26}},"21":{"start":{"line":69,"column":18},"end":{"line":69,"column":81}},"22":{"start":{"line":70,"column":19},"end":{"line":70,"column":54}},"23":{"start":{"line":71,"column":4},"end":{"line":71,"column":34}},"24":{"start":{"line":76,"column":16},"end":{"line":76,"column":18}},"25":{"start":{"line":77,"column":38},"end":{"line":77,"column":59}},"26":{"start":{"line":79,"column":23},"end":{"line":82,"column":null}},"27":{"start":{"line":84,"column":4},"end":{"line":104,"column":5}},"28":{"start":{"line":85,"column":6},"end":{"line":92,"column":4}},"29":{"start":{"line":93,"column":6},"end":{"line":93,"column":44}},"30":{"start":{"line":97,"column":6},"end":{"line":103,"column":4}},"31":{"start":{"line":106,"column":19},"end":{"line":106,"column":60}},"32":{"start":{"line":107,"column":4},"end":{"line":109,"column":5}},"33":{"start":{"line":108,"column":6},"end":{"line":108,"column":18}},"34":{"start":{"line":110,"column":4},"end":{"line":110,"column":47}},"35":{"start":{"line":114,"column":18},"end":{"line":123,"column":4}},"36":{"start":{"line":125,"column":19},"end":{"line":125,"column":30}},"37":{"start":{"line":126,"column":19},"end":{"line":126,"column":56}},"38":{"start":{"line":127,"column":16},"end":{"line":127,"column":30}},"39":{"start":{"line":129,"column":32},"end":{"line":137,"column":6}},"40":{"start":{"line":138,"column":4},"end":{"line":138,"column":31}},"41":{"start":{"line":7,"column":0},"end":{"line":7,"column":13}}},"fnMap":{"0":{"name":"(anonymous_0)","decl":{"start":{"line":9,"column":2},"end":{"line":9,"column":7}},"loc":{"start":{"line":9,"column":52},"end":{"line":26,"column":3}}},"1":{"name":"(anonymous_1)","decl":{"start":{"line":28,"column":2},"end":{"line":28,"column":7}},"loc":{"start":{"line":28,"column":38},"end":{"line":39,"column":3}}},"2":{"name":"(anonymous_2)","decl":{"start":{"line":41,"column":2},"end":{"line":41,"column":7}},"loc":{"start":{"line":41,"column":45},"end":{"line":45,"column":3}}},"3":{"name":"(anonymous_3)","decl":{"start":{"line":47,"column":2},"end":{"line":47,"column":7}},"loc":{"start":{"line":47,"column":69},"end":{"line":66,"column":3}}},"4":{"name":"(anonymous_4)","decl":{"start":{"line":68,"column":2},"end":{"line":68,"column":7}},"loc":{"start":{"line":68,"column":34},"end":{"line":72,"column":3}}},"5":{"name":"(anonymous_5)","decl":{"start":{"line":74,"column":2},"end":{"line":74,"column":7}},"loc":{"start":{"line":74,"column":91},"end":{"line":111,"column":3}}},"6":{"name":"(anonymous_6)","decl":{"start":{"line":113,"column":2},"end":{"line":113,"column":7}},"loc":{"start":{"line":113,"column":51},"end":{"line":139,"column":3}}}},"branchMap":{"0":{"loc":{"start":{"line":32,"column":4},"end":{"line":35,"column":5}},"type":"if","locations":[{"start":{"line":32,"column":4},"end":{"line":35,"column":5}},{"start":{},"end":{}}]},"1":{"loc":{"start":{"line":44,"column":11},"end":{"line":44,"column":33}},"type":"binary-expr","locations":[{"start":{"line":44,"column":11},"end":{"line":44,"column":25}},{"start":{"line":44,"column":29},"end":{"line":44,"column":33}}]},"2":{"loc":{"start":{"line":71,"column":11},"end":{"line":71,"column":33}},"type":"binary-expr","locations":[{"start":{"line":71,"column":11},"end":{"line":71,"column":25}},{"start":{"line":71,"column":29},"end":{"line":71,"column":33}}]},"3":{"loc":{"start":{"line":84,"column":4},"end":{"line":104,"column":5}},"type":"if","locations":[{"start":{"line":84,"column":4},"end":{"line":104,"column":5}},{"start":{"line":95,"column":9},"end":{"line":104,"column":5}}]},"4":{"loc":{"start":{"line":107,"column":4},"end":{"line":109,"column":5}},"type":"if","locations":[{"start":{"line":107,"column":4},"end":{"line":109,"column":5}},{"start":{},"end":{}}]},"5":{"loc":{"start":{"line":131,"column":19},"end":{"line":133,"column":14}},"type":"cond-expr","locations":[{"start":{"line":132,"column":10},"end":{"line":132,"column":63}},{"start":{"line":133,"column":10},"end":{"line":133,"column":14}}]},"6":{"loc":{"start":{"line":134,"column":16},"end":{"line":136,"column":14}},"type":"cond-expr","locations":[{"start":{"line":135,"column":10},"end":{"line":135,"column":60}},{"start":{"line":136,"column":10},"end":{"line":136,"column":14}}]}},"s":{"0":3,"1":3,"2":0,"3":0,"4":0,"5":0,"6":0,"7":0,"8":0,"9":0,"10":0,"11":0,"12":0,"13":0,"14":0,"15":0,"16":0,"17":0,"18":0,"19":0,"20":0,"21":0,"22":0,"23":0,"24":0,"25":0,"26":0,"27":0,"28":0,"29":0,"30":0,"31":0,"32":0,"33":0,"34":0,"35":0,"36":0,"37":0,"38":0,"39":0,"40":0,"41":3},"f":{"0":0,"1":0,"2":0,"3":0,"4":0,"5":0,"6":0},"b":{"0":[0,0],"1":[0,0],"2":[0,0],"3":[0,0],"4":[0,0],"5":[0,0],"6":[0,0]}}
,"C:\\Users\\USUARIO\\Desktop\\Inexu\\APPIPOTTERS\\Entrega3\\API-Potters\\src\\core\\infraestructura\\postgres\\planEstudioRepository.ts": {"path":"C:\\Users\\USUARIO\\Desktop\\Inexu\\APPIPOTTERS\\Entrega3\\API-Potters\\src\\core\\infraestructura\\postgres\\planEstudioRepository.ts","statementMap":{"0":{"start":{"line":2,"column":0},"end":{"line":2,"column":53}},"1":{"start":{"line":10,"column":44},"end":{"line":10,"column":60}},"2":{"start":{"line":11,"column":34},"end":{"line":12,"column":null}},"3":{"start":{"line":12,"column":57},"end":{"line":12,"column":94}},"4":{"start":{"line":14,"column":51},"end":{"line":14,"column":83}},"5":{"start":{"line":16,"column":22},"end":{"line":20,"column":14}},"6":{"start":{"line":22,"column":8},"end":{"line":28,"column":9}},"7":{"start":{"line":23,"column":30},"end":{"line":23,"column":71}},"8":{"start":{"line":24,"column":12},"end":{"line":24,"column":51}},"9":{"start":{"line":26,"column":12},"end":{"line":26,"column":67}},"10":{"start":{"line":27,"column":12},"end":{"line":27,"column":24}},"11":{"start":{"line":32,"column":20},"end":{"line":37,"column":109}},"12":{"start":{"line":39,"column":23},"end":{"line":39,"column":38}},"13":{"start":{"line":40,"column":23},"end":{"line":40,"column":60}},"14":{"start":{"line":41,"column":8},"end":{"line":41,"column":38}},"15":{"start":{"line":46,"column":20},"end":{"line":46,"column":47}},"16":{"start":{"line":47,"column":34},"end":{"line":47,"column":36}},"17":{"start":{"line":49,"column":8},"end":{"line":52,"column":9}},"18":{"start":{"line":50,"column":12},"end":{"line":50,"column":33}},"19":{"start":{"line":51,"column":12},"end":{"line":51,"column":33}},"20":{"start":{"line":54,"column":23},"end":{"line":54,"column":61}},"21":{"start":{"line":55,"column":8},"end":{"line":55,"column":27}},"22":{"start":{"line":59,"column":22},"end":{"line":59,"column":74}},"23":{"start":{"line":60,"column":23},"end":{"line":60,"column":69}},"24":{"start":{"line":61,"column":8},"end":{"line":61,"column":38}},"25":{"start":{"line":65,"column":27},"end":{"line":65,"column":58}},"26":{"start":{"line":66,"column":8},"end":{"line":66,"column":28}},"27":{"start":{"line":68,"column":22},"end":{"line":72,"column":14}},"28":{"start":{"line":74,"column":23},"end":{"line":74,"column":64}},"29":{"start":{"line":75,"column":8},"end":{"line":75,"column":30}},"30":{"start":{"line":79,"column":22},"end":{"line":79,"column":84}},"31":{"start":{"line":80,"column":23},"end":{"line":80,"column":69}},"32":{"start":{"line":81,"column":8},"end":{"line":81,"column":38}},"33":{"start":{"line":85,"column":20},"end":{"line":87,"column":10}},"34":{"start":{"line":89,"column":47},"end":{"line":89,"column":83}},"35":{"start":{"line":91,"column":8},"end":{"line":94,"column":9}},"36":{"start":{"line":92,"column":12},"end":{"line":92,"column":48}},"37":{"start":{"line":93,"column":12},"end":{"line":93,"column":35}},"38":{"start":{"line":96,"column":23},"end":{"line":96,"column":60}},"39":{"start":{"line":97,"column":8},"end":{"line":97,"column":38}},"40":{"start":{"line":6,"column":0},"end":{"line":6,"column":13}}},"fnMap":{"0":{"name":"(anonymous_0)","decl":{"start":{"line":8,"column":4},"end":{"line":8,"column":9}},"loc":{"start":{"line":8,"column":57},"end":{"line":29,"column":5}}},"1":{"name":"(anonymous_1)","decl":{"start":{"line":12,"column":41},"end":{"line":12,"column":42}},"loc":{"start":{"line":12,"column":57},"end":{"line":12,"column":94}}},"2":{"name":"(anonymous_2)","decl":{"start":{"line":31,"column":4},"end":{"line":31,"column":9}},"loc":{"start":{"line":31,"column":61},"end":{"line":42,"column":5}}},"3":{"name":"(anonymous_3)","decl":{"start":{"line":45,"column":4},"end":{"line":45,"column":9}},"loc":{"start":{"line":45,"column":43},"end":{"line":56,"column":5}}},"4":{"name":"(anonymous_4)","decl":{"start":{"line":58,"column":4},"end":{"line":58,"column":9}},"loc":{"start":{"line":58,"column":55},"end":{"line":62,"column":5}}},"5":{"name":"(anonymous_5)","decl":{"start":{"line":64,"column":4},"end":{"line":64,"column":9}},"loc":{"start":{"line":64,"column":74},"end":{"line":76,"column":5}}},"6":{"name":"(anonymous_6)","decl":{"start":{"line":78,"column":4},"end":{"line":78,"column":9}},"loc":{"start":{"line":78,"column":51},"end":{"line":82,"column":5}}},"7":{"name":"(anonymous_7)","decl":{"start":{"line":84,"column":4},"end":{"line":84,"column":9}},"loc":{"start":{"line":84,"column":105},"end":{"line":98,"column":5}}}},"branchMap":{"0":{"loc":{"start":{"line":12,"column":57},"end":{"line":12,"column":94}},"type":"binary-expr","locations":[{"start":{"line":12,"column":57},"end":{"line":12,"column":76}},{"start":{"line":12,"column":80},"end":{"line":12,"column":94}}]},"1":{"loc":{"start":{"line":41,"column":15},"end":{"line":41,"column":37}},"type":"binary-expr","locations":[{"start":{"line":41,"column":15},"end":{"line":41,"column":29}},{"start":{"line":41,"column":33},"end":{"line":41,"column":37}}]},"2":{"loc":{"start":{"line":49,"column":8},"end":{"line":52,"column":9}},"type":"if","locations":[{"start":{"line":49,"column":8},"end":{"line":52,"column":9}},{"start":{},"end":{}}]},"3":{"loc":{"start":{"line":61,"column":15},"end":{"line":61,"column":37}},"type":"binary-expr","locations":[{"start":{"line":61,"column":15},"end":{"line":61,"column":29}},{"start":{"line":61,"column":33},"end":{"line":61,"column":37}}]},"4":{"loc":{"start":{"line":81,"column":15},"end":{"line":81,"column":37}},"type":"binary-expr","locations":[{"start":{"line":81,"column":15},"end":{"line":81,"column":29}},{"start":{"line":81,"column":33},"end":{"line":81,"column":37}}]},"5":{"loc":{"start":{"line":91,"column":8},"end":{"line":94,"column":9}},"type":"if","locations":[{"start":{"line":91,"column":8},"end":{"line":94,"column":9}},{"start":{},"end":{}}]}},"s":{"0":5,"1":0,"2":0,"3":0,"4":0,"5":0,"6":0,"7":0,"8":0,"9":0,"10":0,"11":0,"12":0,"13":0,"14":0,"15":0,"16":0,"17":0,"18":0,"19":0,"20":0,"21":0,"22":0,"23":0,"24":0,"25":0,"26":0,"27":0,"28":0,"29":0,"30":0,"31":0,"32":0,"33":0,"34":0,"35":0,"36":0,"37":0,"38":0,"39":0,"40":5},"f":{"0":0,"1":0,"2":0,"3":0,"4":0,"5":0,"6":0,"7":0},"b":{"0":[0,0],"1":[0,0],"2":[0,0],"3":[0,0],"4":[0,0],"5":[0,0]}}
,"C:\\Users\\USUARIO\\Desktop\\Inexu\\APPIPOTTERS\\Entrega3\\API-Potters\\src\\core\\infraestructura\\postgres\\programaRepository.ts": {"path":"C:\\Users\\USUARIO\\Desktop\\Inexu\\APPIPOTTERS\\Entrega3\\API-Potters\\src\\core\\infraestructura\\postgres\\programaRepository.ts","statementMap":{"0":{"start":{"line":2,"column":0},"end":{"line":2,"column":53}},"1":{"start":{"line":8,"column":48},"end":{"line":8,"column":76}},"2":{"start":{"line":10,"column":22},"end":{"line":14,"column":10}},"3":{"start":{"line":16,"column":26},"end":{"line":16,"column":67}},"4":{"start":{"line":17,"column":8},"end":{"line":17,"column":44}},"5":{"start":{"line":21,"column":20},"end":{"line":21,"column":53}},"6":{"start":{"line":22,"column":34},"end":{"line":22,"column":36}},"7":{"start":{"line":24,"column":8},"end":{"line":27,"column":9}},"8":{"start":{"line":25,"column":12},"end":{"line":25,"column":33}},"9":{"start":{"line":26,"column":12},"end":{"line":26,"column":33}},"10":{"start":{"line":29,"column":23},"end":{"line":29,"column":61}},"11":{"start":{"line":30,"column":8},"end":{"line":30,"column":27}},"12":{"start":{"line":34,"column":22},"end":{"line":34,"column":77}},"13":{"start":{"line":35,"column":23},"end":{"line":35,"column":66}},"14":{"start":{"line":36,"column":8},"end":{"line":36,"column":38}},"15":{"start":{"line":40,"column":27},"end":{"line":40,"column":55}},"16":{"start":{"line":41,"column":8},"end":{"line":41,"column":28}},"17":{"start":{"line":43,"column":22},"end":{"line":47,"column":10}},"18":{"start":{"line":49,"column":23},"end":{"line":49,"column":64}},"19":{"start":{"line":50,"column":8},"end":{"line":50,"column":30}},"20":{"start":{"line":54,"column":22},"end":{"line":54,"column":87}},"21":{"start":{"line":55,"column":23},"end":{"line":55,"column":66}},"22":{"start":{"line":56,"column":8},"end":{"line":56,"column":38}},"23":{"start":{"line":5,"column":0},"end":{"line":5,"column":13}}},"fnMap":{"0":{"name":"(anonymous_0)","decl":{"start":{"line":7,"column":4},"end":{"line":7,"column":9}},"loc":{"start":{"line":7,"column":48},"end":{"line":18,"column":5}}},"1":{"name":"(anonymous_1)","decl":{"start":{"line":20,"column":4},"end":{"line":20,"column":9}},"loc":{"start":{"line":20,"column":40},"end":{"line":31,"column":5}}},"2":{"name":"(anonymous_2)","decl":{"start":{"line":33,"column":4},"end":{"line":33,"column":9}},"loc":{"start":{"line":33,"column":49},"end":{"line":37,"column":5}}},"3":{"name":"(anonymous_3)","decl":{"start":{"line":39,"column":4},"end":{"line":39,"column":9}},"loc":{"start":{"line":39,"column":65},"end":{"line":51,"column":5}}},"4":{"name":"(anonymous_4)","decl":{"start":{"line":53,"column":4},"end":{"line":53,"column":9}},"loc":{"start":{"line":53,"column":45},"end":{"line":57,"column":5}}}},"branchMap":{"0":{"loc":{"start":{"line":24,"column":8},"end":{"line":27,"column":9}},"type":"if","locations":[{"start":{"line":24,"column":8},"end":{"line":27,"column":9}},{"start":{},"end":{}}]},"1":{"loc":{"start":{"line":36,"column":15},"end":{"line":36,"column":37}},"type":"binary-expr","locations":[{"start":{"line":36,"column":15},"end":{"line":36,"column":29}},{"start":{"line":36,"column":33},"end":{"line":36,"column":37}}]},"2":{"loc":{"start":{"line":56,"column":15},"end":{"line":56,"column":37}},"type":"binary-expr","locations":[{"start":{"line":56,"column":15},"end":{"line":56,"column":29}},{"start":{"line":56,"column":33},"end":{"line":56,"column":37}}]}},"s":{"0":3,"1":0,"2":0,"3":0,"4":0,"5":0,"6":0,"7":0,"8":0,"9":0,"10":0,"11":0,"12":0,"13":0,"14":0,"15":0,"16":0,"17":0,"18":0,"19":0,"20":0,"21":0,"22":0,"23":3},"f":{"0":0,"1":0,"2":0,"3":0,"4":0},"b":{"0":[0,0],"1":[0,0],"2":[0,0]}}
,"C:\\Users\\USUARIO\\Desktop\\Inexu\\APPIPOTTERS\\Entrega3\\API-Potters\\src\\presentacion\\app.ts": {"path":"C:\\Users\\USUARIO\\Desktop\\Inexu\\APPIPOTTERS\\Entrega3\\API-Potters\\src\\presentacion\\app.ts","statementMap":{"0":{"start":{"line":1,"column":0},"end":{"line":1,"column":48}},"1":{"start":{"line":2,"column":0},"end":{"line":2,"column":83}},"2":{"start":{"line":3,"column":0},"end":{"line":3,"column":79}},"3":{"start":{"line":4,"column":0},"end":{"line":4,"column":94}},"4":{"start":{"line":5,"column":0},"end":{"line":5,"column":75}},"5":{"start":{"line":6,"column":0},"end":{"line":6,"column":84}},"6":{"start":{"line":7,"column":0},"end":{"line":7,"column":44}},"7":{"start":{"line":8,"column":0},"end":{"line":8,"column":31}},"8":{"start":{"line":10,"column":12},"end":{"line":12,"column":2}},"9":{"start":{"line":74,"column":9},"end":{"line":74,"column":12}},"10":{"start":{"line":15,"column":0},"end":{"line":39,"column":3}},"11":{"start":{"line":16,"column":2},"end":{"line":22,"column":3}},"12":{"start":{"line":17,"column":4},"end":{"line":21,"column":7}},"13":{"start":{"line":24,"column":2},"end":{"line":30,"column":3}},"14":{"start":{"line":25,"column":4},"end":{"line":29,"column":7}},"15":{"start":{"line":32,"column":2},"end":{"line":32,"column":44}},"16":{"start":{"line":34,"column":2},"end":{"line":38,"column":5}},"17":{"start":{"line":48,"column":0},"end":{"line":56,"column":1}},"18":{"start":{"line":49,"column":2},"end":{"line":55,"column":35}},"19":{"start":{"line":50,"column":4},"end":{"line":50,"column":53}},"20":{"start":{"line":51,"column":4},"end":{"line":51,"column":51}},"21":{"start":{"line":52,"column":4},"end":{"line":52,"column":58}},"22":{"start":{"line":53,"column":4},"end":{"line":53,"column":49}},"23":{"start":{"line":54,"column":4},"end":{"line":54,"column":53}},"24":{"start":{"line":59,"column":27},"end":{"line":72,"column":1}},"25":{"start":{"line":60,"column":2},"end":{"line":71,"column":3}},"26":{"start":{"line":61,"column":4},"end":{"line":61,"column":50}},"27":{"start":{"line":62,"column":4},"end":{"line":62,"column":74}},"28":{"start":{"line":64,"column":38},"end":{"line":69,"column":6}},"29":{"start":{"line":70,"column":4},"end":{"line":70,"column":22}},"30":{"start":{"line":59,"column":13},"end":{"line":59,"column":27}},"31":{"start":{"line":75,"column":0},"end":{"line":75,"column":19}}},"fnMap":{"0":{"name":"(anonymous_1)","decl":{"start":{"line":15,"column":20},"end":{"line":15,"column":21}},"loc":{"start":{"line":15,"column":44},"end":{"line":39,"column":1}}},"1":{"name":"(anonymous_2)","decl":{"start":{"line":49,"column":15},"end":{"line":49,"column":20}},"loc":{"start":{"line":49,"column":37},"end":{"line":55,"column":3}}},"2":{"name":"(anonymous_3)","decl":{"start":{"line":59,"column":27},"end":{"line":59,"column":32}},"loc":{"start":{"line":59,"column":38},"end":{"line":72,"column":1}}}},"branchMap":{"0":{"loc":{"start":{"line":16,"column":2},"end":{"line":22,"column":3}},"type":"if","locations":[{"start":{"line":16,"column":2},"end":{"line":22,"column":3}},{"start":{},"end":{}}]},"1":{"loc":{"start":{"line":20,"column":15},"end":{"line":20,"column":58}},"type":"binary-expr","locations":[{"start":{"line":20,"column":15},"end":{"line":20,"column":37}},{"start":{"line":20,"column":41},"end":{"line":20,"column":58}}]},"2":{"loc":{"start":{"line":24,"column":2},"end":{"line":30,"column":3}},"type":"if","locations":[{"start":{"line":24,"column":2},"end":{"line":30,"column":3}},{"start":{},"end":{}}]},"3":{"loc":{"start":{"line":27,"column":13},"end":{"line":27,"column":32}},"type":"binary-expr","locations":[{"start":{"line":27,"column":13},"end":{"line":27,"column":21}},{"start":{"line":27,"column":25},"end":{"line":27,"column":32}}]},"4":{"loc":{"start":{"line":37,"column":13},"end":{"line":37,"column":56}},"type":"binary-expr","locations":[{"start":{"line":37,"column":13},"end":{"line":37,"column":24}},{"start":{"line":37,"column":28},"end":{"line":37,"column":56}}]},"5":{"loc":{"start":{"line":48,"column":0},"end":{"line":56,"column":1}},"type":"if","locations":[{"start":{"line":48,"column":0},"end":{"line":56,"column":1}},{"start":{},"end":{}}]}},"s":{"0":5,"1":5,"2":5,"3":5,"4":5,"5":5,"6":5,"7":5,"8":5,"9":5,"10":5,"11":7,"12":3,"13":4,"14":4,"15":0,"16":0,"17":5,"18":0,"19":0,"20":0,"21":0,"22":0,"23":0,"24":5,"25":0,"26":0,"27":0,"28":0,"29":0,"30":5,"31":5},"f":{"0":7,"1":0,"2":0},"b":{"0":[3,4],"1":[3,0],"2":[4,0],"3":[4,0],"4":[0,0],"5":[0,5]}}
,"C:\\Users\\USUARIO\\Desktop\\Inexu\\APPIPOTTERS\\Entrega3\\API-Potters\\src\\presentacion\\controladores\\asignaturaControlador.ts": {"path":"C:\\Users\\USUARIO\\Desktop\\Inexu\\APPIPOTTERS\\Entrega3\\API-Potters\\src\\presentacion\\controladores\\asignaturaControlador.ts","statementMap":{"0":{"start":{"line":4,"column":0},"end":{"line":4,"column":81}},"1":{"start":{"line":7,"column":22},"end":{"line":7,"column":62}},"2":{"start":{"line":9,"column":23},"end":{"line":25,"column":3}},"3":{"start":{"line":13,"column":4},"end":{"line":24,"column":5}},"4":{"start":{"line":14,"column":25},"end":{"line":14,"column":38}},"5":{"start":{"line":15,"column":37},"end":{"line":15,"column":94}},"6":{"start":{"line":17,"column":6},"end":{"line":21,"column":9}},"7":{"start":{"line":23,"column":6},"end":{"line":23,"column":16}},"8":{"start":{"line":27,"column":27},"end":{"line":43,"column":3}},"9":{"start":{"line":31,"column":4},"end":{"line":42,"column":5}},"10":{"start":{"line":33,"column":31},"end":{"line":33,"column":45}},"11":{"start":{"line":34,"column":35},"end":{"line":34,"column":103}},"12":{"start":{"line":36,"column":6},"end":{"line":39,"column":9}},"13":{"start":{"line":41,"column":6},"end":{"line":41,"column":16}},"14":{"start":{"line":45,"column":20},"end":{"line":60,"column":3}},"15":{"start":{"line":49,"column":4},"end":{"line":59,"column":5}},"16":{"start":{"line":50,"column":30},"end":{"line":50,"column":67}},"17":{"start":{"line":51,"column":32},"end":{"line":51,"column":95}},"18":{"start":{"line":53,"column":6},"end":{"line":56,"column":9}},"19":{"start":{"line":58,"column":6},"end":{"line":58,"column":16}},"20":{"start":{"line":62,"column":25},"end":{"line":82,"column":3}},"21":{"start":{"line":66,"column":4},"end":{"line":81,"column":5}},"22":{"start":{"line":67,"column":31},"end":{"line":67,"column":45}},"23":{"start":{"line":68,"column":30},"end":{"line":68,"column":67}},"24":{"start":{"line":70,"column":36},"end":{"line":72,"column":null}},"25":{"start":{"line":75,"column":6},"end":{"line":78,"column":9}},"26":{"start":{"line":80,"column":6},"end":{"line":80,"column":16}},"27":{"start":{"line":84,"column":23},"end":{"line":99,"column":3}},"28":{"start":{"line":88,"column":4},"end":{"line":98,"column":5}},"29":{"start":{"line":89,"column":31},"end":{"line":89,"column":45}},"30":{"start":{"line":90,"column":6},"end":{"line":90,"column":70}},"31":{"start":{"line":92,"column":6},"end":{"line":95,"column":9}},"32":{"start":{"line":97,"column":6},"end":{"line":97,"column":16}},"33":{"start":{"line":6,"column":0},"end":{"line":6,"column":13}}},"fnMap":{"0":{"name":"(anonymous_0)","decl":{"start":{"line":7,"column":2},"end":{"line":7,"column":22}},"loc":{"start":{"line":7,"column":62},"end":{"line":7,"column":66}}},"1":{"name":"(anonymous_1)","decl":{"start":{"line":9,"column":23},"end":{"line":9,"column":28}},"loc":{"start":{"line":12,"column":6},"end":{"line":25,"column":3}}},"2":{"name":"(anonymous_2)","decl":{"start":{"line":27,"column":27},"end":{"line":27,"column":32}},"loc":{"start":{"line":30,"column":6},"end":{"line":43,"column":3}}},"3":{"name":"(anonymous_3)","decl":{"start":{"line":45,"column":20},"end":{"line":45,"column":25}},"loc":{"start":{"line":48,"column":6},"end":{"line":60,"column":3}}},"4":{"name":"(anonymous_4)","decl":{"start":{"line":62,"column":25},"end":{"line":62,"column":30}},"loc":{"start":{"line":65,"column":6},"end":{"line":82,"column":3}}},"5":{"name":"(anonymous_5)","decl":{"start":{"line":84,"column":23},"end":{"line":84,"column":28}},"loc":{"start":{"line":87,"column":6},"end":{"line":99,"column":3}}}},"branchMap":{},"s":{"0":5,"1":1,"2":1,"3":2,"4":2,"5":2,"6":2,"7":0,"8":1,"9":2,"10":2,"11":2,"12":0,"13":2,"14":1,"15":1,"16":1,"17":0,"18":0,"19":1,"20":1,"21":2,"22":2,"23":2,"24":0,"25":0,"26":2,"27":1,"28":2,"29":2,"30":2,"31":0,"32":2,"33":5},"f":{"0":1,"1":2,"2":2,"3":1,"4":2,"5":2},"b":{}}
,"C:\\Users\\USUARIO\\Desktop\\Inexu\\APPIPOTTERS\\Entrega3\\API-Potters\\src\\presentacion\\controladores\\ofertaControlador.ts": {"path":"C:\\Users\\USUARIO\\Desktop\\Inexu\\APPIPOTTERS\\Entrega3\\API-Potters\\src\\presentacion\\controladores\\ofertaControlador.ts","statementMap":{"0":{"start":{"line":3,"column":0},"end":{"line":3,"column":69}},"1":{"start":{"line":6,"column":22},"end":{"line":6,"column":53}},"2":{"start":{"line":8,"column":19},"end":{"line":23,"column":3}},"3":{"start":{"line":12,"column":4},"end":{"line":22,"column":5}},"4":{"start":{"line":13,"column":25},"end":{"line":13,"column":38}},"5":{"start":{"line":14,"column":33},"end":{"line":14,"column":81}},"6":{"start":{"line":15,"column":6},"end":{"line":19,"column":9}},"7":{"start":{"line":21,"column":6},"end":{"line":21,"column":16}},"8":{"start":{"line":25,"column":23},"end":{"line":44,"column":3}},"9":{"start":{"line":29,"column":4},"end":{"line":43,"column":5}},"10":{"start":{"line":30,"column":27},"end":{"line":30,"column":41}},"11":{"start":{"line":31,"column":31},"end":{"line":31,"column":85}},"12":{"start":{"line":33,"column":6},"end":{"line":35,"column":7}},"13":{"start":{"line":34,"column":8},"end":{"line":34,"column":73}},"14":{"start":{"line":37,"column":6},"end":{"line":40,"column":9}},"15":{"start":{"line":42,"column":6},"end":{"line":42,"column":16}},"16":{"start":{"line":46,"column":16},"end":{"line":63,"column":3}},"17":{"start":{"line":50,"column":4},"end":{"line":62,"column":5}},"18":{"start":{"line":51,"column":26},"end":{"line":51,"column":59}},"19":{"start":{"line":54,"column":27},"end":{"line":54,"column":77}},"20":{"start":{"line":56,"column":6},"end":{"line":59,"column":9}},"21":{"start":{"line":61,"column":6},"end":{"line":61,"column":16}},"22":{"start":{"line":65,"column":21},"end":{"line":89,"column":3}},"23":{"start":{"line":69,"column":4},"end":{"line":88,"column":5}},"24":{"start":{"line":70,"column":27},"end":{"line":70,"column":41}},"25":{"start":{"line":71,"column":26},"end":{"line":71,"column":59}},"26":{"start":{"line":73,"column":32},"end":{"line":75,"column":null}},"27":{"start":{"line":78,"column":6},"end":{"line":80,"column":7}},"28":{"start":{"line":79,"column":8},"end":{"line":79,"column":73}},"29":{"start":{"line":82,"column":6},"end":{"line":85,"column":9}},"30":{"start":{"line":87,"column":6},"end":{"line":87,"column":16}},"31":{"start":{"line":91,"column":19},"end":{"line":111,"column":3}},"32":{"start":{"line":95,"column":4},"end":{"line":110,"column":5}},"33":{"start":{"line":96,"column":27},"end":{"line":96,"column":41}},"34":{"start":{"line":98,"column":24},"end":{"line":98,"column":74}},"35":{"start":{"line":100,"column":6},"end":{"line":102,"column":7}},"36":{"start":{"line":101,"column":8},"end":{"line":101,"column":73}},"37":{"start":{"line":104,"column":6},"end":{"line":107,"column":9}},"38":{"start":{"line":109,"column":6},"end":{"line":109,"column":16}},"39":{"start":{"line":5,"column":0},"end":{"line":5,"column":13}}},"fnMap":{"0":{"name":"(anonymous_0)","decl":{"start":{"line":6,"column":2},"end":{"line":6,"column":22}},"loc":{"start":{"line":6,"column":53},"end":{"line":6,"column":57}}},"1":{"name":"(anonymous_1)","decl":{"start":{"line":8,"column":19},"end":{"line":8,"column":24}},"loc":{"start":{"line":11,"column":6},"end":{"line":23,"column":3}}},"2":{"name":"(anonymous_2)","decl":{"start":{"line":25,"column":23},"end":{"line":25,"column":28}},"loc":{"start":{"line":28,"column":6},"end":{"line":44,"column":3}}},"3":{"name":"(anonymous_3)","decl":{"start":{"line":46,"column":16},"end":{"line":46,"column":21}},"loc":{"start":{"line":49,"column":6},"end":{"line":63,"column":3}}},"4":{"name":"(anonymous_4)","decl":{"start":{"line":65,"column":21},"end":{"line":65,"column":26}},"loc":{"start":{"line":68,"column":6},"end":{"line":89,"column":3}}},"5":{"name":"(anonymous_5)","decl":{"start":{"line":91,"column":19},"end":{"line":91,"column":24}},"loc":{"start":{"line":94,"column":6},"end":{"line":111,"column":3}}}},"branchMap":{"0":{"loc":{"start":{"line":33,"column":6},"end":{"line":35,"column":7}},"type":"if","locations":[{"start":{"line":33,"column":6},"end":{"line":35,"column":7}},{"start":{},"end":{}}]},"1":{"loc":{"start":{"line":78,"column":6},"end":{"line":80,"column":7}},"type":"if","locations":[{"start":{"line":78,"column":6},"end":{"line":80,"column":7}},{"start":{},"end":{}}]},"2":{"loc":{"start":{"line":100,"column":6},"end":{"line":102,"column":7}},"type":"if","locations":[{"start":{"line":100,"column":6},"end":{"line":102,"column":7}},{"start":{},"end":{}}]}},"s":{"0":5,"1":0,"2":0,"3":0,"4":0,"5":0,"6":0,"7":0,"8":0,"9":0,"10":0,"11":0,"12":0,"13":0,"14":0,"15":0,"16":0,"17":0,"18":0,"19":0,"20":0,"21":0,"22":0,"23":0,"24":0,"25":0,"26":0,"27":0,"28":0,"29":0,"30":0,"31":0,"32":0,"33":0,"34":0,"35":0,"36":0,"37":0,"38":0,"39":5},"f":{"0":0,"1":0,"2":0,"3":0,"4":0,"5":0},"b":{"0":[0,0],"1":[0,0],"2":[0,0]}}
[...]
":34},"end":{"line":67,"column":69}},"24":{"start":{"line":69,"column":40},"end":{"line":71,"column":null}},"25":{"start":{"line":74,"column":12},"end":{"line":77,"column":15}},"26":{"start":{"line":79,"column":12},"end":{"line":79,"column":22}},"27":{"start":{"line":83,"column":23},"end":{"line":98,"column":5}},"28":{"start":{"line":87,"column":8},"end":{"line":97,"column":9}},"29":{"start":{"line":88,"column":35},"end":{"line":88,"column":49}},"30":{"start":{"line":89,"column":12},"end":{"line":89,"column":70}},"31":{"start":{"line":91,"column":12},"end":{"line":94,"column":15}},"32":{"start":{"line":96,"column":12},"end":{"line":96,"column":22}},"33":{"start":{"line":6,"column":0},"end":{"line":6,"column":13}}},"fnMap":{"0":{"name":"(anonymous_0)","decl":{"start":{"line":7,"column":4},"end":{"line":7,"column":24}},"loc":{"start":{"line":7,"column":60},"end":{"line":7,"column":65}}},"1":{"name":"(anonymous_1)","decl":{"start":{"line":9,"column":22},"end":{"line":9,"column":27}},"loc":{"start":{"line":12,"column":8},"end":{"line":25,"column":5}}},"2":{"name":"(anonymous_2)","decl":{"start":{"line":27,"column":27},"end":{"line":27,"column":32}},"loc":{"start":{"line":30,"column":8},"end":{"line":42,"column":5}}},"3":{"name":"(anonymous_3)","decl":{"start":{"line":44,"column":20},"end":{"line":44,"column":25}},"loc":{"start":{"line":47,"column":8},"end":{"line":59,"column":5}}},"4":{"name":"(anonymous_4)","decl":{"start":{"line":61,"column":25},"end":{"line":61,"column":30}},"loc":{"start":{"line":64,"column":8},"end":{"line":81,"column":5}}},"5":{"name":"(anonymous_5)","decl":{"start":{"line":83,"column":23},"end":{"line":83,"column":28}},"loc":{"start":{"line":86,"column":8},"end":{"line":98,"column":5}}}},"branchMap":{},"s":{"0":5,"1":0,"2":0,"3":0,"4":0,"5":0,"6":0,"7":0,"8":0,"9":0,"10":0,"11":0,"12":0,"13":0,"14":0,"15":0,"16":0,"17":0,"18":0,"19":0,"20":0,"21":0,"22":0,"23":0,"24":0,"25":0,"26":0,"27":0,"28":0,"29":0,"30":0,"31":0,"32":0,"33":5},"f":{"0":0,"1":0,"2":0,"3":0,"4":0,"5":0},"b":{}}
,"C:\\Users\\USUARIO\\Desktop\\Inexu\\APPIPOTTERS\\Entrega3\\API-Potters\\src\\presentacion\\esquemas\\asignaturaEsquema.ts": {"path":"C:\\Users\\USUARIO\\Desktop\\Inexu\\APPIPOTTERS\\Entrega3\\API-Potters\\src\\presentacion\\esquemas\\asignaturaEsquema.ts","statementMap":{"0":{"start":{"line":1,"column":0},"end":{"line":1,"column":24}},"1":{"start":{"line":3,"column":13},"end":{"line":35,"column":3}},"2":{"start":{"line":34,"column":28},"end":{"line":34,"column":39}}},"fnMap":{"0":{"name":"(anonymous_0)","decl":{"start":{"line":34,"column":19},"end":{"line":34,"column":20}},"loc":{"start":{"line":34,"column":28},"end":{"line":34,"column":39}}}},"branchMap":{"0":{"loc":{"start":{"line":34,"column":28},"end":{"line":34,"column":39}},"type":"binary-expr","locations":[{"start":{"line":34,"column":28},"end":{"line":34,"column":31}},{"start":{"line":34,"column":35},"end":{"line":34,"column":39}}]}},"s":{"0":5,"1":5,"2":3},"f":{"0":3},"b":{"0":[3,3]}}
,"C:\\Users\\USUARIO\\Desktop\\Inexu\\APPIPOTTERS\\Entrega3\\API-Potters\\src\\presentacion\\esquemas\\envEsquema.ts": {"path":"C:\\Users\\USUARIO\\Desktop\\Inexu\\APPIPOTTERS\\Entrega3\\API-Potters\\src\\presentacion\\esquemas\\envEsquema.ts","statementMap":{"0":{"start":{"line":1,"column":0},"end":{"line":1,"column":28}},"1":{"start":{"line":2,"column":0},"end":{"line":2,"column":24}},"2":{"start":{"line":4,"column":0},"end":{"line":4,"column":16}},"3":{"start":{"line":6,"column":18},"end":{"line":34,"column":2}},"4":{"start":{"line":10,"column":23},"end":{"line":10,"column":40}},"5":{"start":{"line":20,"column":23},"end":{"line":20,"column":40}},"6":{"start":{"line":36,"column":18},"end":{"line":36,"column":50}},"7":{"start":{"line":38,"column":0},"end":{"line":44,"column":1}},"8":{"start":{"line":39,"column":4},"end":{"line":39,"column":53}},"9":{"start":{"line":40,"column":4},"end":{"line":40,"column":44}},"10":{"start":{"line":41,"column":4},"end":{"line":43,"column":5}},"11":{"start":{"line":42,"column":8},"end":{"line":42,"column":24}},"12":{"start":{"line":46,"column":13},"end":{"line":48,"column":38}}},"fnMap":{"0":{"name":"(anonymous_1)","decl":{"start":{"line":10,"column":16},"end":{"line":10,"column":17}},"loc":{"start":{"line":10,"column":23},"end":{"line":10,"column":40}}},"1":{"name":"(anonymous_2)","decl":{"start":{"line":20,"column":16},"end":{"line":20,"column":17}},"loc":{"start":{"line":20,"column":23},"end":{"line":20,"column":40}}}},"branchMap":{"0":{"loc":{"start":{"line":38,"column":0},"end":{"line":44,"column":1}},"type":"if","locations":[{"start":{"line":38,"column":0},"end":{"line":44,"column":1}},{"start":{},"end":{}}]},"1":{"loc":{"start":{"line":41,"column":4},"end":{"line":43,"column":5}},"type":"if","locations":[{"start":{"line":41,"column":4},"end":{"line":43,"column":5}},{"start":{},"end":{}}]},"2":{"loc":{"start":{"line":46,"column":26},"end":{"line":48,"column":37}},"type":"cond-expr","locations":[{"start":{"line":47,"column":6},"end":{"line":47,"column":20}},{"start":{"line":48,"column":6},"end":{"line":48,"column":37}}]}},"s":{"0":5,"1":5,"2":5,"3":5,"4":5,"5":5,"6":5,"7":5,"8":0,"9":0,"10":0,"11":0,"12":5},"f":{"0":5,"1":5},"b":{"0":[0,5],"1":[0,0],"2":[5,0]}}
,"C:\\Users\\USUARIO\\Desktop\\Inexu\\APPIPOTTERS\\Entrega3\\API-Potters\\src\\presentacion\\esquemas\\ofertaEsquema.ts": {"path":"C:\\Users\\USUARIO\\Desktop\\Inexu\\APPIPOTTERS\\Entrega3\\API-Potters\\src\\presentacion\\esquemas\\ofertaEsquema.ts","statementMap":{"0":{"start":{"line":1,"column":0},"end":{"line":1,"column":24}},"1":{"start":{"line":3,"column":13},"end":{"line":50,"column":3}}},"fnMap":{},"branchMap":{},"s":{"0":5,"1":5},"f":{},"b":{}}
,"C:\\Users\\USUARIO\\Desktop\\Inexu\\APPIPOTTERS\\Entrega3\\API-Potters\\src\\presentacion\\esquemas\\periodoAcademicoEsquema.ts": {"path":"C:\\Users\\USUARIO\\Desktop\\Inexu\\APPIPOTTERS\\Entrega3\\API-Potters\\src\\presentacion\\esquemas\\periodoAcademicoEsquema.ts","statementMap":{"0":{"start":{"line":1,"column":0},"end":{"line":1,"column":24}},"1":{"start":{"line":3,"column":28},"end":{"line":4,"column":35}},"2":{"start":{"line":4,"column":2},"end":{"line":4,"column":35}},"3":{"start":{"line":6,"column":25},"end":{"line":7,"column":60}},"4":{"start":{"line":7,"column":2},"end":{"line":7,"column":60}},"5":{"start":{"line":9,"column":13},"end":{"line":56,"column":5}},"6":{"start":{"line":22,"column":24},"end":{"line":22,"column":35}},"7":{"start":{"line":23,"column":21},"end":{"line":23,"column":40}},"8":{"start":{"line":35,"column":24},"end":{"line":35,"column":35}},"9":{"start":{"line":36,"column":21},"end":{"line":36,"column":40}},"10":{"start":{"line":53,"column":20},"end":{"line":53,"column":53}}},"fnMap":{"0":{"name":"(anonymous_0)","decl":{"start":{"line":3,"column":28},"end":{"line":3,"column":29}},"loc":{"start":{"line":4,"column":2},"end":{"line":4,"column":35}}},"1":{"name":"(anonymous_1)","decl":{"start":{"line":6,"column":25},"end":{"line":6,"column":26}},"loc":{"start":{"line":7,"column":2},"end":{"line":7,"column":60}}},"2":{"name":"(anonymous_2)","decl":{"start":{"line":22,"column":17},"end":{"line":22,"column":18}},"loc":{"start":{"line":22,"column":24},"end":{"line":22,"column":35}}},"3":{"name":"(anonymous_3)","decl":{"start":{"line":23,"column":14},"end":{"line":23,"column":15}},"loc":{"start":{"line":23,"column":21},"end":{"line":23,"column":40}}},"4":{"name":"(anonymous_4)","decl":{"start":{"line":35,"column":17},"end":{"line":35,"column":18}},"loc":{"start":{"line":35,"column":24},"end":{"line":35,"column":35}}},"5":{"name":"(anonymous_5)","decl":{"start":{"line":36,"column":14},"end":{"line":36,"column":15}},"loc":{"start":{"line":36,"column":21},"end":{"line":36,"column":40}}},"6":{"name":"(anonymous_6)","decl":{"start":{"line":53,"column":10},"end":{"line":53,"column":11}},"loc":{"start":{"line":53,"column":20},"end":{"line":53,"column":53}}}},"branchMap":{"0":{"loc":{"start":{"line":7,"column":2},"end":{"line":7,"column":60}},"type":"binary-expr","locations":[{"start":{"line":7,"column":2},"end":{"line":7,"column":29}},{"start":{"line":7,"column":33},"end":{"line":7,"column":60}}]}},"s":{"0":5,"1":5,"2":0,"3":5,"4":0,"5":5,"6":0,"7":0,"8":0,"9":0,"10":0},"f":{"0":0,"1":0,"2":0,"3":0,"4":0,"5":0,"6":0},"b":{"0":[0,0]}}
,"C:\\Users\\USUARIO\\Desktop\\Inexu\\APPIPOTTERS\\Entrega3\\API-Potters\\src\\presentacion\\esquemas\\planEstudioEsquema.ts": {"path":"C:\\Users\\USUARIO\\Desktop\\Inexu\\APPIPOTTERS\\Entrega3\\API-Potters\\src\\presentacion\\esquemas\\planEstudioEsquema.ts","statementMap":{"0":{"start":{"line":1,"column":0},"end":{"line":1,"column":24}},"1":{"start":{"line":3,"column":13},"end":{"line":31,"column":3}}},"fnMap":{},"branchMap":{},"s":{"0":5,"1":5},"f":{},"b":{}}
,"C:\\Users\\USUARIO\\Desktop\\Inexu\\APPIPOTTERS\\Entrega3\\API-Potters\\src\\presentacion\\esquemas\\programaAcademicoEsquema.ts": {"path":"C:\\Users\\USUARIO\\Desktop\\Inexu\\APPIPOTTERS\\Entrega3\\API-Potters\\src\\presentacion\\esquemas\\programaAcademicoEsquema.ts","statementMap":{"0":{"start":{"line":1,"column":0},"end":{"line":1,"column":24}},"1":{"start":{"line":3,"column":13},"end":{"line":37,"column":3}}},"fnMap":{},"branchMap":{},"s":{"0":5,"1":5},"f":{},"b":{}}
,"C:\\Users\\USUARIO\\Desktop\\Inexu\\APPIPOTTERS\\Entrega3\\API-Potters\\src\\presentacion\\rutas\\gestionAsignaturaEnrutador.ts": {"path":"C:\\Users\\USUARIO\\Desktop\\Inexu\\APPIPOTTERS\\Entrega3\\API-Potters\\src\\presentacion\\rutas\\gestionAsignaturaEnrutador.ts","statementMap":{"0":{"start":{"line":19,"column":0},"end":{"line":19,"column":7}},"1":{"start":{"line":2,"column":0},"end":{"line":2,"column":80}},"2":{"start":{"line":4,"column":0},"end":{"line":4,"column":87}},"3":{"start":{"line":5,"column":0},"end":{"line":5,"column":97}},"4":{"start":{"line":12,"column":2},"end":{"line":12,"column":67}},"5":{"start":{"line":13,"column":2},"end":{"line":13,"column":85}},"6":{"start":{"line":14,"column":2},"end":{"line":14,"column":65}},"7":{"start":{"line":15,"column":2},"end":{"line":15,"column":83}},"8":{"start":{"line":16,"column":2},"end":{"line":16,"column":84}},"9":{"start":{"line":24,"column":4},"end":{"line":24,"column":55}},"10":{"start":{"line":27,"column":4},"end":{"line":27,"column":49}},"11":{"start":{"line":29,"column":31},"end":{"line":29,"column":77}},"12":{"start":{"line":31,"column":2},"end":{"line":31,"column":56}}},"fnMap":{"0":{"name":"gestionAsignaturaEnrutador","decl":{"start":{"line":8,"column":9},"end":{"line":8,"column":35}},"loc":{"start":{"line":10,"column":46},"end":{"line":17,"column":1}}},"1":{"name":"construirAsignaturasEnrutador","decl":{"start":{"line":19,"column":22},"end":{"line":19,"column":51}},"loc":{"start":{"line":21,"column":47},"end":{"line":32,"column":1}}}},"branchMap":{"0":{"loc":{"start":{"line":24,"column":4},"end":{"line":24,"column":55}},"type":"binary-expr","locations":[{"start":{"line":24,"column":4},"end":{"line":24,"column":24}},{"start":{"line":24,"column":28},"end":{"line":24,"column":55}}]}},"s":{"0":5,"1":5,"2":5,"3":5,"4":1,"5":1,"6":1,"7":1,"8":1,"9":1,"10":1,"11":1,"12":1},"f":{"0":1,"1":1},"b":{"0":[1,0]}}
,"C:\\Users\\USUARIO\\Desktop\\Inexu\\APPIPOTTERS\\Entrega3\\API-Potters\\src\\presentacion\\rutas\\gestionOfertaEnrutador.ts": {"path":"C:\\Users\\USUARIO\\Desktop\\Inexu\\APPIPOTTERS\\Entrega3\\API-Potters\\src\\presentacion\\rutas\\gestionOfertaEnrutador.ts","statementMap":{"0":{"start":{"line":26,"column":0},"end":{"line":26,"column":7}},"1":{"start":{"line":2,"column":0},"end":{"line":2,"column":71}},"2":{"start":{"line":4,"column":0},"end":{"line":4,"column":80}},"3":{"start":{"line":5,"column":0},"end":{"line":5,"column":89}},"4":{"start":{"line":8,"column":0},"end":{"line":8,"column":97}},"5":{"start":{"line":10,"column":0},"end":{"line":10,"column":109}},"6":{"start":{"line":12,"column":0},"end":{"line":12,"column":93}},"7":{"start":{"line":19,"column":2},"end":{"line":19,"column":56}},"8":{"start":{"line":20,"column":2},"end":{"line":20,"column":70}},"9":{"start":{"line":21,"column":2},"end":{"line":21,"column":54}},"10":{"start":{"line":22,"column":2},"end":{"line":22,"column":68}},"11":{"start":{"line":23,"column":2},"end":{"line":23,"column":69}},"12":{"start":{"line":28,"column":56},"end":{"line":28,"column":83}},"13":{"start":{"line":29,"column":52},"end":{"line":29,"column":77}},"14":{"start":{"line":30,"column":68},"end":{"line":30,"column":101}},"15":{"start":{"line":32,"column":48},"end":{"line":32,"column":71}},"16":{"start":{"line":33,"column":42},"end":{"line":33,"column":152}},"17":{"start":{"line":34,"column":28},"end":{"line":34,"column":65}},"18":{"start":{"line":36,"column":2},"end":{"line":36,"column":49}}},"fnMap":{"0":{"name":"gestionOfertaEnrutador","decl":{"start":{"line":14,"column":9},"end":{"line":14,"column":31}},"loc":{"start":{"line":16,"column":38},"end":{"line":24,"column":1}}},"1":{"name":"construirOfertasEnrutador","decl":{"start":{"line":26,"column":22},"end":{"line":26,"column":47}},"loc":{"start":{"line":26,"column":68},"end":{"line":37,"column":1}}}},"branchMap":{},"s":{"0":5,"1":5,"2":5,"3":5,"4":5,"5":5,"6":5,"7":0,"8":0,"9":0,"10":0,"11":0,"12":0,"13":0,"14":0,"15":0,"16":0,"17":0,"18":0},"f":{"0":0,"1":0},"b":{}}
,"C:\\Users\\USUARIO\\Desktop\\Inexu\\APPIPOTTERS\\Entrega3\\API-Potters\\src\\presentacion\\rutas\\gestionPeriodoAcademicoEnrutador.ts": {"path":"C:\\Users\\USUARIO\\Desktop\\Inexu\\APPIPOTTERS\\Entrega3\\API-Potters\\src\\presentacion\\rutas\\gestionPeriodoAcademicoEnrutador.ts","statementMap":{"0":{"start":{"line":19,"column":0},"end":{"line":19,"column":7}},"1":{"start":{"line":2,"column":0},"end":{"line":2,"column":91}},"2":{"start":{"line":3,"column":0},"end":{"line":3,"column":109}},"3":{"start":{"line":4,"column":0},"end":{"line":4,"column":100}},"4":{"start":{"line":12,"column":2},"end":{"line":12,"column":74}},"5":{"start":{"line":13,"column":2},"end":{"line":13,"column":90}},"6":{"start":{"line":14,"column":2},"end":{"line":14,"column":73}},"7":{"start":{"line":15,"column":2},"end":{"line":15,"column":88}},"8":{"start":{"line":16,"column":2},"end":{"line":16,"column":89}},"9":{"start":{"line":20,"column":68},"end":{"line":20,"column":101}},"10":{"start":{"line":21,"column":62},"end":{"line":21,"column":119}},"11":{"start":{"line":22,"column":37},"end":{"line":22,"column":94}},"12":{"start":{"line":24,"column":2},"end":{"line":24,"column":59}}},"fnMap":{"0":{"name":"gestionPeriodoEnrutador","decl":{"start":{"line":8,"column":9},"end":{"line":8,"column":32}},"loc":{"start":{"line":10,"column":57},"end":{"line":17,"column":1}}},"1":{"name":"construirPeriodoAcademicoEnrutador","decl":{"start":{"line":19,"column":22},"end":{"line":19,"column":56}},"loc":{"start":{"line":19,"column":77},"end":{"line":25,"column":1}}}},"branchMap":{},"s":{"0":5,"1":5,"2":5,"3":5,"4":0,"5":0,"6":0,"7":0,"8":0,"9":0,"10":0,"11":0,"12":0},"f":{"0":0,"1":0},"b":{}}
,"C:\\Users\\USUARIO\\Desktop\\Inexu\\APPIPOTTERS\\Entrega3\\API-Potters\\src\\presentacion\\rutas\\gestionPlanEstudioEnrutador.ts": {"path":"C:\\Users\\USUARIO\\Desktop\\Inexu\\APPIPOTTERS\\Entrega3\\API-Potters\\src\\presentacion\\rutas\\gestionPlanEstudioEnrutador.ts","statementMap":{"0":{"start":{"line":24,"column":0},"end":{"line":24,"column":7}},"1":{"start":{"line":2,"column":0},"end":{"line":2,"column":81}},"2":{"start":{"line":4,"column":0},"end":{"line":4,"column":90}},"3":{"start":{"line":5,"column":0},"end":{"line":5,"column":99}},"4":{"start":{"line":9,"column":0},"end":{"line":9,"column":93}},"5":{"start":{"line":10,"column":0},"end":{"line":10,"column":97}},"6":{"start":{"line":17,"column":4},"end":{"line":17,"column":71}},"7":{"start":{"line":18,"column":4},"end":{"line":18,"column":91}},"8":{"start":{"line":19,"column":4},"end":{"line":19,"column":70}},"9":{"start":{"line":20,"column":4},"end":{"line":20,"column":89}},"10":{"start":{"line":21,"column":4},"end":{"line":21,"column":90}},"11":{"start":{"line":25,"column":60},"end":{"line":25,"column":88}},"12":{"start":{"line":26,"column":54},"end":{"line":26,"column":79}},"13":{"start":{"line":27,"column":58},"end":{"line":27,"column":85}},"14":{"start":{"line":28,"column":54},"end":{"line":29,"column":75}},"15":{"start":{"line":30,"column":35},"end":{"line":30,"column":82}},"16":{"start":{"line":32,"column":4},"end":{"line":32,"column":61}}},"fnMap":{"0":{"name":"gestionPlanEstudioEnrutador","decl":{"start":{"line":12,"column":9},"end":{"line":12,"column":36}},"loc":{"start":{"line":14,"column":50},"end":{"line":22,"column":1}}},"1":{"name":"construirPlanEstudioEnrutador","decl":{"start":{"line":24,"column":22},"end":{"line":24,"column":51}},"loc":{"start":{"line":24,"column":72},"end":{"line":33,"column":1}}}},"branchMap":{},"s":{"0":5,"1":5,"2":5,"3":5,"4":5,"5":5,"6":0,"7":0,"8":0,"9":0,"10":0,"11":0,"12":0,"13":0,"14":0,"15":0,"16":0},"f":{"0":0,"1":0},"b":{}}
,"C:\\Users\\USUARIO\\Desktop\\Inexu\\APPIPOTTERS\\Entrega3\\API-Potters\\src\\presentacion\\rutas\\gestionProgramaEnRutador.ts": {"path":"C:\\Users\\USUARIO\\Desktop\\Inexu\\APPIPOTTERS\\Entrega3\\API-Potters\\src\\presentacion\\rutas\\gestionProgramaEnRutador.ts","statementMap":{"0":{"start":{"line":19,"column":0},"end":{"line":19,"column":7}},"1":{"start":{"line":2,"column":0},"end":{"line":2,"column":76}},"2":{"start":{"line":4,"column":0},"end":{"line":4,"column":84}},"3":{"start":{"line":5,"column":0},"end":{"line":5,"column":93}},"4":{"start":{"line":12,"column":4},"end":{"line":12,"column":62}},"5":{"start":{"line":13,"column":4},"end":{"line":13,"column":79}},"6":{"start":{"line":14,"column":4},"end":{"line":14,"column":61}},"7":{"start":{"line":15,"column":4},"end":{"line":15,"column":77}},"8":{"start":{"line":16,"column":4},"end":{"line":16,"column":78}},"9":{"start":{"line":20,"column":54},"end":{"line":20,"column":79}},"10":{"start":{"line":21,"column":48},"end":{"line":21,"column":89}},"11":{"start":{"line":22,"column":31},"end":{"line":22,"column":73}},"12":{"start":{"line":24,"column":4},"end":{"line":24,"column":54}}},"fnMap":{"0":{"name":"gestionProgramaEnrutador","decl":{"start":{"line":8,"column":9},"end":{"line":8,"column":33}},"loc":{"start":{"line":10,"column":44},"end":{"line":17,"column":1}}},"1":{"name":"construirProgramasEnrutador","decl":{"start":{"line":19,"column":22},"end":{"line":19,"column":49}},"loc":{"start":{"line":19,"column":70},"end":{"line":25,"column":1}}}},"branchMap":{},"s":{"0":5,"1":5,"2":5,"3":5,"4":0,"5":0,"6":0,"7":0,"8":0,"9":0,"10":0,"11":0,"12":0},"f":{"0":0,"1":0},"b":{}}
,"C:\\Users\\USUARIO\\Desktop\\Inexu\\APPIPOTTERS\\Entrega3\\API-Potters\\src\\utils\\fecha.util.ts": {"path":"C:\\Users\\USUARIO\\Desktop\\Inexu\\APPIPOTTERS\\Entrega3\\API-Potters\\src\\utils\\fecha.util.ts","statementMap":{"0":{"start":{"line":1,"column":0},"end":{"line":1,"column":16}},"1":{"start":{"line":2,"column":2},"end":{"line":2,"column":23}},"2":{"start":{"line":2,"column":13},"end":{"line":2,"column":23}},"3":{"start":{"line":4,"column":16},"end":{"line":4,"column":60}},"4":{"start":{"line":5,"column":2},"end":{"line":5,"column":49}}},"fnMap":{"0":{"name":"convertirFecha","decl":{"start":{"line":1,"column":16},"end":{"line":1,"column":30}},"loc":{"start":{"line":1,"column":57},"end":{"line":6,"column":1}}}},"branchMap":{"0":{"loc":{"start":{"line":2,"column":2},"end":{"line":2,"column":23}},"type":"if","locations":[{"start":{"line":2,"column":2},"end":{"line":2,"column":23}},{"start":{},"end":{}}]},"1":{"loc":{"start":{"line":4,"column":16},"end":{"line":4,"column":60}},"type":"cond-expr","locations":[{"start":{"line":4,"column":39},"end":{"line":4,"column":43}},{"start":{"line":4,"column":46},"end":{"line":4,"column":60}}]},"2":{"loc":{"start":{"line":5,"column":9},"end":{"line":5,"column":48}},"type":"binary-expr","locations":[{"start":{"line":5,"column":9},"end":{"line":5,"column":42}},{"start":{"line":5,"column":46},"end":{"line":5,"column":48}}]}},"s":{"0":3,"1":0,"2":0,"3":0,"4":0},"f":{"0":0},"b":{"0":[0,0],"1":[0,0],"2":[0,0]}}
}
