TN:
SF:src\config\database.ts
FNF:0
FNH:0
DA:1,4
DA:3,4
LF:2
LH:2
BRF:0
BRH:0
end_of_record
TN:
SF:src\config\http.ts
FNF:0
FNH:0
DA:1,4
DA:3,4
LF:2
LH:2
BRF:0
BRH:0
end_of_record
TN:
SF:src\core\aplicacion\casos-uso\AsignaturaCasosUso.ts
FN:7,(anonymous_0)
FN:9,(anonymous_1)
FN:15,(anonymous_2)
FN:21,(anonymous_3)
FN:26,(anonymous_4)
FN:36,(anonymous_5)
FNF:6
FNH:6
FNDA:14,(anonymous_0)
FNDA:5,(anonymous_1)
FNDA:6,(anonymous_2)
FNDA:2,(anonymous_3)
FNDA:5,(anonymous_4)
FNDA:5,(anonymous_5)
DA:2,5
DA:6,5
DA:7,14
DA:10,5
DA:11,5
DA:12,3
DA:16,6
DA:17,6
DA:18,3
DA:22,2
DA:23,2
DA:27,5
DA:32,5
DA:33,2
DA:37,5
DA:38,5
DA:39,2
LF:17
LH:17
BRDA:11,0,0,2
BRDA:11,0,1,3
BRDA:11,1,0,5
BRDA:11,1,1,5
BRDA:17,2,0,3
BRDA:17,2,1,3
BRDA:32,3,0,3
BRDA:32,3,1,2
BRDA:38,4,0,3
BRDA:38,4,1,2
BRF:10
BRH:10
end_of_record
TN:
SF:src\core\aplicacion\casos-uso\OfertaCasosUso.ts
FN:13,(anonymous_0)
FN:18,(anonymous_1)
FN:25,(anonymous_2)
FN:31,(anonymous_3)
FN:55,(anonymous_4)
FN:80,(anonymous_5)
FNF:6
FNH:6
FNDA:18,(anonymous_0)
FNDA:3,(anonymous_1)
FNDA:4,(anonymous_2)
FNDA:9,(anonymous_3)
FNDA:4,(anonymous_4)
FNDA:4,(anonymous_5)
DA:8,5
DA:9,5
DA:10,5
DA:12,5
DA:13,18
DA:14,18
DA:15,18
DA:16,18
DA:20,3
DA:21,3
DA:22,2
DA:26,4
DA:27,4
DA:28,2
DA:33,9
DA:34,9
DA:35,9
DA:36,9
DA:38,9
DA:39,8
DA:41,6
DA:42,6
DA:43,6
DA:44,5
DA:46,4
DA:47,4
DA:48,4
DA:50,2
DA:51,2
DA:52,2
DA:57,4
DA:58,4
DA:59,4
DA:60,4
DA:62,4
DA:63,4
DA:64,4
DA:65,4
DA:67,4
DA:68,4
DA:69,4
DA:71,4
DA:72,4
DA:74,2
DA:75,2
DA:77,2
DA:81,4
DA:82,4
DA:83,2
LF:49
LH:49
BRDA:21,0,0,1
BRDA:21,0,1,2
BRDA:21,1,0,3
BRDA:21,1,1,3
BRDA:27,2,0,2
BRDA:27,2,1,2
BRDA:38,3,0,1
BRDA:38,3,1,8
BRDA:39,4,0,2
BRDA:39,4,1,6
BRDA:41,5,0,0
BRDA:41,5,1,6
BRDA:42,6,0,0
BRDA:42,6,1,6
BRDA:43,7,0,1
BRDA:43,7,1,5
BRDA:44,8,0,1
BRDA:44,8,1,4
BRDA:48,9,0,2
BRDA:48,9,1,2
BRDA:62,10,0,0
BRDA:62,10,1,4
BRDA:63,11,0,0
BRDA:63,11,1,4
BRDA:64,12,0,0
BRDA:64,12,1,4
BRDA:65,13,0,0
BRDA:65,13,1,4
BRDA:69,14,0,0
BRDA:69,14,1,4
BRDA:72,15,0,2
BRDA:72,15,1,2
BRDA:75,16,0,0
BRDA:75,16,1,2
BRDA:82,17,0,2
BRDA:82,17,1,2
BRF:36
BRH:28
end_of_record
TN:
SF:src\core\aplicacion\casos-uso\PeriodoAcademicoCasosUso.ts
FN:10,(anonymous_0)
FN:12,(anonymous_1)
FN:18,(anonymous_2)
FN:24,(anonymous_3)
FN:34,(anonymous_4)
FN:69,(anonymous_5)
FN:75,(anonymous_6)
FNF:7
FNH:7
FNDA:17,(anonymous_0)
FNDA:3,(anonymous_1)
FNDA:4,(anonymous_2)
FNDA:4,(anonymous_3)
FNDA:7,(anonymous_4)
FNDA:3,(anonymous_5)
FNDA:6,(anonymous_6)
DA:6,5
DA:7,5
DA:9,5
DA:10,17
DA:13,3
DA:14,3
DA:15,2
DA:19,4
DA:20,4
DA:21,2
DA:26,4
DA:27,4
DA:29,2
DA:30,2
DA:31,2
DA:36,7
DA:37,7
DA:39,6
DA:40,6
DA:42,5
DA:43,5
DA:45,5
DA:52,5
DA:56,5
DA:57,3
DA:62,2
DA:63,2
DA:64,2
DA:66,2
DA:70,3
DA:71,3
DA:72,2
DA:76,6
DA:77,6
DA:78,6
DA:79,6
DA:80,6
LF:37
LH:37
BRDA:14,0,0,1
BRDA:14,0,1,2
BRDA:14,1,0,3
BRDA:14,1,1,3
BRDA:20,2,0,2
BRDA:20,2,1,2
BRDA:27,3,0,2
BRDA:27,3,1,2
BRDA:37,4,0,1
BRDA:37,4,1,6
BRDA:40,5,0,1
BRDA:40,5,1,5
BRDA:52,6,0,5
BRDA:52,6,1,1
BRDA:52,6,2,1
BRDA:52,6,3,0
BRDA:52,6,4,4
BRDA:52,6,5,3
BRDA:52,6,6,2
BRDA:52,6,7,3
BRDA:52,6,8,1
BRDA:56,7,0,3
BRDA:56,7,1,2
BRDA:64,8,0,0
BRDA:64,8,1,2
BRDA:71,9,0,1
BRDA:71,9,1,2
BRF:27
BRH:25
end_of_record
TN:
SF:src\core\aplicacion\casos-uso\PlanEstudioCasosUso.ts
FN:13,(anonymous_0)
FN:19,(anonymous_1)
FN:25,(anonymous_2)
FN:31,(anonymous_3)
FN:61,(anonymous_4)
FN:91,(anonymous_5)
FNF:6
FNH:6
FNDA:19,(anonymous_0)
FNDA:2,(anonymous_1)
FNDA:2,(anonymous_2)
FNDA:6,(anonymous_3)
FNDA:5,(anonymous_4)
FNDA:2,(anonymous_5)
DA:9,5
DA:10,5
DA:12,5
DA:14,19
DA:15,19
DA:16,19
DA:20,2
DA:21,2
DA:22,1
DA:26,2
DA:27,2
DA:28,1
DA:32,6
DA:34,6
DA:35,6
DA:37,4
DA:38,4
DA:40,2
DA:46,2
DA:48,1
DA:55,1
DA:56,1
DA:58,1
DA:62,5
DA:64,5
DA:65,5
DA:67,4
DA:68,4
DA:70,3
DA:71,3
DA:73,2
DA:80,2
DA:82,1
DA:87,1
DA:88,1
DA:92,2
DA:93,2
DA:94,1
LF:38
LH:38
BRDA:21,0,0,1
BRDA:21,0,1,1
BRDA:21,1,0,2
BRDA:21,1,1,2
BRDA:27,2,0,1
BRDA:27,2,1,1
BRDA:35,3,0,2
BRDA:35,3,1,4
BRDA:38,4,0,2
BRDA:38,4,1,2
BRDA:46,5,0,1
BRDA:46,5,1,1
BRDA:65,6,0,1
BRDA:65,6,1,4
BRDA:68,7,0,1
BRDA:68,7,1,3
BRDA:71,8,0,1
BRDA:71,8,1,2
BRDA:80,9,0,1
BRDA:80,9,1,1
BRDA:93,10,0,1
BRDA:93,10,1,1
BRF:22
BRH:22
end_of_record
TN:
SF:src\core\aplicacion\casos-uso\ProgramaCasosUso.ts
FN:8,(anonymous_0)
FN:10,(anonymous_1)
FN:16,(anonymous_2)
FN:22,(anonymous_3)
FN:27,(anonymous_4)
FN:37,(anonymous_5)
FNF:6
FNH:6
FNDA:13,(anonymous_0)
FNDA:4,(anonymous_1)
FNDA:4,(anonymous_2)
FNDA:2,(anonymous_3)
FNDA:4,(anonymous_4)
FNDA:3,(anonymous_5)
DA:2,5
DA:7,5
DA:8,13
DA:11,4
DA:12,4
DA:13,2
DA:17,4
DA:18,4
DA:19,2
DA:23,2
DA:24,2
DA:28,4
DA:33,4
DA:34,2
DA:38,3
DA:39,3
DA:40,2
LF:17
LH:17
BRDA:12,0,0,2
BRDA:12,0,1,2
BRDA:12,1,0,4
BRDA:12,1,1,4
BRDA:18,2,0,2
BRDA:18,2,1,2
BRDA:33,3,0,2
BRDA:33,3,1,2
BRDA:39,4,0,1
BRDA:39,4,1,2
BRF:10
BRH:10
end_of_record
TN:
SF:src\core\dominio\enum\estadoPeriodoAcademico.ts
FN:1,(anonymous_0)
FNF:1
FNH:1
FNDA:5,(anonymous_0)
DA:1,5
DA:2,5
DA:3,5
DA:4,5
LF:4
LH:4
BRDA:1,0,0,5
BRDA:1,0,1,5
BRF:2
BRH:2
end_of_record
TN:
SF:src\core\dominio\errores\encontrarError.ts
FN:3,(anonymous_0)
FNF:1
FNH:1
FNDA:44,(anonymous_0)
DA:1,9
DA:2,44
DA:4,44
DA:5,44
DA:6,44
LF:5
LH:5
BRF:0
BRH:0
end_of_record
TN:
SF:src\core\dominio\errores\reglaNegocioError.ts
FN:3,(anonymous_0)
FNF:1
FNH:1
FNDA:11,(anonymous_0)
DA:1,7
DA:2,11
DA:4,11
DA:5,11
DA:6,11
LF:5
LH:5
BRF:0
BRH:0
end_of_record
TN:
SF:src\core\dominio\periodoAcademico\PeriodoAcademico.ts
FN:12,(anonymous_0)
FN:19,(anonymous_1)
FNF:2
FNH:2
FNDA:8,(anonymous_0)
FNDA:3,(anonymous_1)
DA:2,5
DA:4,5
DA:13,8
DA:14,8
DA:15,8
DA:16,8
DA:21,3
DA:23,3
DA:24,0
DA:27,3
DA:28,0
DA:31,3
DA:32,3
DA:35,3
LF:14
LH:12
BRDA:23,0,0,0
BRDA:23,0,1,3
BRDA:27,1,0,0
BRDA:27,1,1,3
BRDA:31,2,0,3
BRDA:31,2,1,0
BRF:6
BRH:3
end_of_record
TN:
SF:src\core\infraestructura\postgres\asignaturaRepository.ts
FN:7,(anonymous_0)
FN:19,(anonymous_1)
FN:32,(anonymous_2)
FN:38,(anonymous_3)
FN:53,(anonymous_4)
FNF:5
FNH:0
FNDA:0,(anonymous_0)
FNDA:0,(anonymous_1)
FNDA:0,(anonymous_2)
FNDA:0,(anonymous_3)
FNDA:0,(anonymous_4)
DA:2,2
DA:5,2
DA:8,0
DA:9,0
DA:15,0
DA:16,0
DA:20,0
DA:21,0
DA:23,0
DA:24,0
DA:25,0
DA:28,0
DA:29,0
DA:33,0
DA:34,0
DA:35,0
DA:39,0
DA:40,0
DA:42,0
DA:49,0
DA:50,0
DA:54,0
DA:55,0
DA:56,0
LF:24
LH:2
BRDA:23,0,0,0
BRDA:23,0,1,0
BRDA:35,1,0,0
BRDA:35,1,1,0
BRDA:56,2,0,0
BRDA:56,2,1,0
BRF:6
BRH:0
end_of_record
TN:
SF:src\core\infraestructura\postgres\clientePostgres.ts
FN:3,(anonymous_0)
FN:13,ejecutarConsulta
FNF:2
FNH:0
FNDA:0,(anonymous_0)
FNDA:0,ejecutarConsulta
DA:1,4
DA:2,4
DA:3,4
DA:5,4
DA:13,4
DA:17,0
LF:6
LH:5
BRF:0
BRH:0
end_of_record
TN:
SF:src\core\infraestructura\postgres\ofertaRepository.ts
FN:8,(anonymous_0)
FN:21,(anonymous_1)
FN:34,(anonymous_2)
FN:40,(anonymous_3)
FN:54,(anonymous_4)
FN:60,(anonymous_5)
FN:75,(anonymous_6)
FNF:7
FNH:0
FNDA:0,(anonymous_0)
FNDA:0,(anonymous_1)
FNDA:0,(anonymous_2)
FNDA:0,(anonymous_3)
FNDA:0,(anonymous_4)
FNDA:0,(anonymous_5)
FNDA:0,(anonymous_6)
DA:2,3
DA:6,3
DA:10,0
DA:11,0
DA:17,0
DA:18,0
DA:22,0
DA:23,0
DA:25,0
DA:26,0
DA:27,0
DA:30,0
DA:31,0
DA:35,0
DA:36,0
DA:37,0
DA:41,0
DA:42,0
DA:44,0
DA:50,0
DA:51,0
DA:55,0
DA:56,0
DA:57,0
DA:61,0
DA:69,0
DA:70,0
DA:71,0
DA:72,0
DA:76,0
DA:83,0
DA:84,0
DA:85,0
LF:33
LH:2
BRDA:25,0,0,0
BRDA:25,0,1,0
BRDA:37,1,0,0
BRDA:37,1,1,0
BRDA:51,2,0,0
BRDA:51,2,1,0
BRDA:57,3,0,0
BRDA:57,3,1,0
BRDA:72,4,0,0
BRDA:72,4,1,0
BRDA:85,5,0,0
BRDA:85,5,1,0
BRF:12
BRH:0
end_of_record
TN:
SF:src\core\infraestructura\postgres\periodoAcademicoRepository.ts
FN:9,(anonymous_0)
FN:28,(anonymous_1)
FN:41,(anonymous_2)
FN:47,(anonymous_3)
FN:68,(anonymous_4)
FN:74,(anonymous_5)
FN:113,(anonymous_6)
FNF:7
FNH:0
FNDA:0,(anonymous_0)
FNDA:0,(anonymous_1)
FNDA:0,(anonymous_2)
FNDA:0,(anonymous_3)
FNDA:0,(anonymous_4)
FNDA:0,(anonymous_5)
FNDA:0,(anonymous_6)
DA:2,2
DA:5,2
DA:7,2
DA:11,0
DA:18,0
DA:24,0
DA:25,0
DA:29,0
DA:30,0
DA:32,0
DA:33,0
DA:34,0
DA:37,0
DA:38,0
DA:42,0
DA:43,0
DA:44,0
DA:49,0
DA:55,0
DA:57,0
DA:64,0
DA:65,0
DA:69,0
DA:70,0
DA:71,0
DA:76,0
DA:77,0
DA:79,0
DA:84,0
DA:85,0
DA:93,0
DA:97,0
DA:106,0
DA:107,0
DA:108,0
DA:110,0
DA:114,0
DA:125,0
DA:126,0
DA:127,0
DA:129,0
DA:138,0
LF:42
LH:3
BRDA:32,0,0,0
BRDA:32,0,1,0
BRDA:44,1,0,0
BRDA:44,1,1,0
BRDA:71,2,0,0
BRDA:71,2,1,0
BRDA:84,3,0,0
BRDA:84,3,1,0
BRDA:107,4,0,0
BRDA:107,4,1,0
BRDA:131,5,0,0
BRDA:131,5,1,0
BRDA:134,6,0,0
BRDA:134,6,1,0
BRF:14
BRH:0
end_of_record
TN:
SF:src\core\infraestructura\postgres\planEstudioRepository.ts
FN:8,(anonymous_0)
FN:12,(anonymous_1)
FN:31,(anonymous_2)
FN:45,(anonymous_3)
FN:58,(anonymous_4)
FN:64,(anonymous_5)
FN:78,(anonymous_6)
FN:84,(anonymous_7)
FNF:8
FNH:0
FNDA:0,(anonymous_0)
FNDA:0,(anonymous_1)
FNDA:0,(anonymous_2)
FNDA:0,(anonymous_3)
FNDA:0,(anonymous_4)
FNDA:0,(anonymous_5)
FNDA:0,(anonymous_6)
FNDA:0,(anonymous_7)
DA:2,4
DA:6,4
DA:10,0
DA:11,0
DA:12,0
DA:14,0
DA:16,0
DA:22,0
DA:23,0
DA:24,0
DA:26,0
DA:27,0
DA:32,0
DA:39,0
DA:40,0
DA:41,0
DA:46,0
DA:47,0
DA:49,0
DA:50,0
DA:51,0
DA:54,0
DA:55,0
DA:59,0
DA:60,0
DA:61,0
DA:65,0
DA:66,0
DA:68,0
DA:74,0
DA:75,0
DA:79,0
DA:80,0
DA:81,0
DA:85,0
DA:89,0
DA:91,0
DA:92,0
DA:93,0
DA:96,0
DA:97,0
LF:41
LH:2
BRDA:12,0,0,0
BRDA:12,0,1,0
BRDA:41,1,0,0
BRDA:41,1,1,0
BRDA:49,2,0,0
BRDA:49,2,1,0
BRDA:61,3,0,0
BRDA:61,3,1,0
BRDA:81,4,0,0
BRDA:81,4,1,0
BRDA:91,5,0,0
BRDA:91,5,1,0
BRF:12
BRH:0
end_of_record
TN:
SF:src\core\infraestructura\postgres\programaRepository.ts
FN:7,(anonymous_0)
FN:20,(anonymous_1)
FN:33,(anonymous_2)
FN:39,(anonymous_3)
FN:53,(anonymous_4)
FNF:5
FNH:0
FNDA:0,(anonymous_0)
FNDA:0,(anonymous_1)
FNDA:0,(anonymous_2)
FNDA:0,(anonymous_3)
FNDA:0,(anonymous_4)
DA:2,2
DA:5,2
DA:8,0
DA:10,0
DA:16,0
DA:17,0
DA:21,0
DA:22,0
DA:24,0
DA:25,0
DA:26,0
DA:29,0
DA:30,0
DA:34,0
DA:35,0
DA:36,0
DA:40,0
DA:41,0
DA:43,0
DA:49,0
DA:50,0
DA:54,0
DA:55,0
DA:56,0
LF:24
LH:2
BRDA:24,0,0,0
BRDA:24,0,1,0
BRDA:36,1,0,0
BRDA:36,1,1,0
BRDA:56,2,0,0
BRDA:56,2,1,0
BRF:6
BRH:0
end_of_record
TN:
SF:src\presentacion\app.ts
FN:14,(anonymous_1)
FN:40,(anonymous_2)
FN:50,(anonymous_3)
FNF:3
FNH:2
FNDA:11,(anonymous_1)
FNDA:4,(anonymous_2)
FNDA:0,(anonymous_3)
DA:1,4
DA:2,4
DA:3,4
DA:4,4
DA:5,4
DA:6,4
DA:7,4
DA:8,4
DA:10,4
DA:14,4
DA:15,11
DA:16,2
DA:23,9
DA:24,9
DA:31,0
DA:33,0
DA:40,4
DA:41,4
DA:42,4
DA:43,4
DA:44,4
DA:45,4
DA:50,4
DA:51,0
DA:52,0
DA:53,0
DA:55,0
DA:61,0
DA:65,4
DA:66,4
LF:30
LH:23
BRDA:15,0,0,2
BRDA:15,0,1,9
BRDA:19,1,0,2
BRDA:19,1,1,0
BRDA:23,2,0,9
BRDA:23,2,1,0
BRDA:26,3,0,9
BRDA:26,3,1,0
BRDA:36,4,0,0
BRDA:36,4,1,0
BRF:10
BRH:5
end_of_record
TN:
SF:src\presentacion\controladores\asignaturaControlador.ts
FN:7,(anonymous_0)
FN:9,(anonymous_1)
FN:27,(anonymous_2)
FN:45,(anonymous_3)
FN:62,(anonymous_4)
FN:84,(anonymous_5)
FNF:6
FNH:6
FNDA:15,(anonymous_0)
FNDA:4,(anonymous_1)
FNDA:5,(anonymous_2)
FNDA:4,(anonymous_3)
FNDA:4,(anonymous_4)
FNDA:4,(anonymous_5)
DA:4,5
DA:6,5
DA:7,15
DA:9,15
DA:13,4
DA:14,4
DA:15,4
DA:17,3
DA:23,1
DA:27,15
DA:31,5
DA:33,5
DA:34,5
DA:36,3
DA:41,2
DA:45,15
DA:49,4
DA:50,4
DA:51,2
DA:53,2
DA:58,2
DA:62,15
DA:66,4
DA:67,4
DA:68,4
DA:70,4
DA:75,2
DA:80,2
DA:84,15
DA:88,4
DA:89,4
DA:90,4
DA:92,2
DA:97,2
LF:34
LH:34
BRF:0
BRH:0
end_of_record
TN:
SF:src\presentacion\controladores\ofertaControlador.ts
FN:6,(anonymous_0)
FN:8,(anonymous_1)
FN:25,(anonymous_2)
FN:46,(anonymous_3)
FN:65,(anonymous_4)
FN:91,(anonymous_5)
FNF:6
FNH:6
FNDA:14,(anonymous_0)
FNDA:3,(anonymous_1)
FNDA:4,(anonymous_2)
FNDA:4,(anonymous_3)
FNDA:4,(anonymous_4)
FNDA:4,(anonymous_5)
DA:3,5
DA:5,5
DA:6,14
DA:8,14
DA:12,3
DA:13,3
DA:14,3
DA:15,2
DA:21,1
DA:25,14
DA:29,4
DA:30,4
DA:31,4
DA:33,2
DA:34,0
DA:37,2
DA:42,2
DA:46,14
DA:50,4
DA:51,4
DA:54,3
DA:56,2
DA:61,2
DA:65,14
DA:69,4
DA:70,4
DA:71,4
DA:73,4
DA:78,2
DA:79,0
DA:82,2
DA:87,2
DA:91,14
DA:95,4
DA:96,4
DA:98,4
DA:100,2
DA:101,0
DA:104,2
DA:109,2
LF:40
LH:37
BRDA:33,0,0,0
BRDA:33,0,1,2
BRDA:78,1,0,0
BRDA:78,1,1,2
BRDA:100,2,0,0
BRDA:100,2,1,2
BRF:6
BRH:3
end_of_record
TN:
SF:src\presentacion\controladores\periodoAcademicoControlador.ts
FN:6,(anonymous_0)
FN:8,(anonymous_1)
FN:26,(anonymous_2)
FN:43,(anonymous_3)
FN:60,(anonymous_4)
FN:84,(anonymous_5)
FNF:6
FNH:6
FNDA:14,(anonymous_0)
FNDA:3,(anonymous_1)
FNDA:4,(anonymous_2)
FNDA:4,(anonymous_3)
FNDA:3,(anonymous_4)
FNDA:3,(anonymous_5)
DA:3,5
DA:5,5
DA:6,14
DA:8,14
DA:12,3
DA:13,3
DA:14,3
DA:16,2
DA:22,1
DA:26,14
DA:30,4
DA:31,4
DA:32,4
DA:34,2
DA:39,2
DA:43,14
DA:47,4
DA:48,4
DA:49,2
DA:51,2
DA:56,2
DA:60,14
DA:64,3
DA:66,3
DA:67,3
DA:69,3
DA:74,2
DA:79,1
DA:84,14
DA:88,3
DA:89,3
DA:90,3
DA:92,2
DA:97,1
LF:34
LH:34
BRF:0
BRH:0
end_of_record
TN:
SF:src\presentacion\controladores\planEstudioControlador.ts
FN:7,(anonymous_0)
FN:9,(anonymous_1)
FN:27,(anonymous_2)
FN:44,(anonymous_3)
FN:62,(anonymous_4)
FN:83,(anonymous_5)
FNF:6
FNH:6
FNDA:14,(anonymous_0)
FNDA:2,(anonymous_1)
FNDA:2,(anonymous_2)
FNDA:2,(anonymous_3)
FNDA:2,(anonymous_4)
FNDA:2,(anonymous_5)
DA:4,5
DA:6,5
DA:7,14
DA:9,14
DA:13,2
DA:14,2
DA:15,2
DA:17,1
DA:23,1
DA:27,14
DA:31,2
DA:32,2
DA:33,2
DA:35,1
DA:40,1
DA:44,14
DA:48,2
DA:49,2
DA:50,1
DA:52,1
DA:58,1
DA:62,14
DA:66,2
DA:67,2
DA:68,2
DA:69,2
DA:74,1
DA:79,1
DA:83,14
DA:87,2
DA:88,2
DA:89,2
DA:91,1
DA:97,1
LF:34
LH:34
BRF:0
BRH:0
end_of_record
TN:
SF:src\presentacion\controladores\programaControlador.ts
FN:7,(anonymous_0)
FN:9,(anonymous_1)
FN:27,(anonymous_2)
FN:44,(anonymous_3)
FN:61,(anonymous_4)
FN:83,(anonymous_5)
FNF:6
FNH:6
FNDA:14,(anonymous_0)
FNDA:3,(anonymous_1)
FNDA:4,(anonymous_2)
FNDA:4,(anonymous_3)
FNDA:3,(anonymous_4)
FNDA:3,(anonymous_5)
DA:4,5
DA:6,5
DA:7,14
DA:9,14
DA:13,3
DA:14,3
DA:15,3
DA:17,2
DA:23,1
DA:27,14
DA:31,4
DA:32,4
DA:33,4
DA:35,2
DA:40,2
DA:44,14
DA:48,4
DA:49,4
DA:50,2
DA:52,2
DA:57,2
DA:61,14
DA:65,3
DA:66,3
DA:67,3
DA:69,3
DA:74,2
DA:79,1
DA:83,14
DA:87,3
DA:88,3
DA:89,3
DA:91,2
DA:96,1
LF:34
LH:34
BRF:0
BRH:0
end_of_record
TN:
SF:src\presentacion\esquemas\asignaturaEsquema.ts
FN:34,(anonymous_0)
FNF:1
FNH:1
FNDA:32,(anonymous_0)
DA:1,5
DA:3,5
DA:34,32
LF:3
LH:3
BRDA:34,0,0,32
BRDA:34,0,1,3
BRF:2
BRH:2
end_of_record
TN:
SF:src\presentacion\esquemas\envEsquema.ts
FN:10,(anonymous_1)
FN:20,(anonymous_2)
FNF:2
FNH:2
FNDA:4,(anonymous_1)
FNDA:4,(anonymous_2)
DA:1,4
DA:2,4
DA:4,4
DA:6,4
DA:10,4
DA:20,4
DA:36,4
DA:38,4
DA:39,0
DA:40,0
DA:41,0
DA:42,0
DA:46,4
LF:13
LH:9
BRDA:38,0,0,0
BRDA:38,0,1,4
BRDA:41,1,0,0
BRDA:41,1,1,0
BRDA:46,2,0,4
BRDA:46,2,1,0
BRF:6
BRH:2
end_of_record
TN:
SF:src\presentacion\esquemas\ofertaEsquema.ts
FNF:0
FNH:0
DA:1,5
DA:3,5
LF:2
LH:2
BRF:0
BRH:0
end_of_record
TN:
SF:src\presentacion\esquemas\periodoAcademicoEsquema.ts
FN:3,(anonymous_0)
FN:6,(anonymous_1)
FN:22,(anonymous_2)
FN:23,(anonymous_3)
FN:35,(anonymous_4)
FN:36,(anonymous_5)
FN:53,(anonymous_6)
FNF:7
FNH:7
FNDA:64,(anonymous_0)
FNDA:60,(anonymous_1)
FNDA:30,(anonymous_2)
FNDA:30,(anonymous_3)
FNDA:30,(anonymous_4)
FNDA:30,(anonymous_5)
FNDA:30,(anonymous_6)
DA:1,5
DA:3,5
DA:4,64
DA:6,5
DA:7,60
DA:9,5
DA:22,30
DA:23,30
DA:35,30
DA:36,30
DA:53,30
LF:11
LH:11
BRDA:7,0,0,60
BRDA:7,0,1,56
BRF:2
BRH:2
end_of_record
TN:
SF:src\presentacion\esquemas\planEstudioEsquema.ts
FNF:0
FNH:0
DA:1,5
DA:3,5
LF:2
LH:2
BRF:0
BRH:0
end_of_record
TN:
SF:src\presentacion\esquemas\programaAcademicoEsquema.ts
FNF:0
FNH:0
DA:1,5
DA:3,5
LF:2
LH:2
BRF:0
BRH:0
end_of_record
TN:
SF:src\presentacion\rutas\gestionAsignaturaEnrutador.ts
FN:8,gestionAsignaturaEnrutador
FN:19,construirAsignaturasEnrutador
FNF:2
FNH:2
FNDA:4,gestionAsignaturaEnrutador
FNDA:4,construirAsignaturasEnrutador
DA:2,4
DA:4,4
DA:5,4
DA:12,4
DA:13,4
DA:14,4
DA:15,4
DA:16,4
DA:19,4
DA:24,4
DA:27,4
DA:29,4
DA:31,4
LF:13
LH:13
BRDA:24,0,0,4
BRDA:24,0,1,4
BRF:2
BRH:2
end_of_record
TN:
SF:src\presentacion\rutas\gestionOfertaEnrutador.ts
FN:14,gestionOfertaEnrutador
FN:26,construirOfertasEnrutador
FNF:2
FNH:2
FNDA:4,gestionOfertaEnrutador
FNDA:4,construirOfertasEnrutador
DA:2,4
DA:4,4
DA:5,4
DA:8,4
DA:10,4
DA:12,4
DA:19,4
DA:20,4
DA:21,4
DA:22,4
DA:23,4
DA:26,4
DA:28,4
DA:29,4
DA:30,4
DA:32,4
DA:33,4
DA:34,4
DA:36,4
LF:19
LH:19
BRF:0
BRH:0
end_of_record
TN:
SF:src\presentacion\rutas\gestionPeriodoAcademicoEnrutador.ts
FN:8,gestionPeriodoEnrutador
FN:19,construirPeriodoAcademicoEnrutador
FNF:2
FNH:2
FNDA:4,gestionPeriodoEnrutador
FNDA:4,construirPeriodoAcademicoEnrutador
DA:2,4
DA:3,4
DA:4,4
DA:12,4
DA:13,4
DA:14,4
DA:15,4
DA:16,4
DA:19,4
DA:20,4
DA:21,4
DA:22,4
DA:24,4
LF:13
LH:13
BRF:0
BRH:0
end_of_record
TN:
SF:src\presentacion\rutas\gestionPlanEstudioEnrutador.ts
FN:12,gestionPlanEstudioEnrutador
FN:24,construirPlanEstudioEnrutador
FNF:2
FNH:2
FNDA:4,gestionPlanEstudioEnrutador
FNDA:4,construirPlanEstudioEnrutador
DA:2,4
DA:4,4
DA:5,4
DA:9,4
DA:10,4
DA:17,4
DA:18,4
DA:19,4
DA:20,4
DA:21,4
DA:24,4
DA:25,4
DA:26,4
DA:27,4
DA:28,4
DA:30,4
DA:32,4
LF:17
LH:17
BRF:0
BRH:0
end_of_record
TN:
SF:src\presentacion\rutas\gestionProgramaEnRutador.ts
FN:8,gestionProgramaEnrutador
FN:19,construirProgramasEnrutador
FNF:2
FNH:2
FNDA:4,gestionProgramaEnrutador
FNDA:4,construirProgramasEnrutador
DA:2,4
DA:4,4
DA:5,4
DA:12,4
DA:13,4
DA:14,4
DA:15,4
DA:16,4
DA:19,4
DA:20,4
DA:21,4
DA:22,4
DA:24,4
LF:13
LH:13
BRF:0
BRH:0
end_of_record
TN:
SF:src\utils\fecha.util.ts
FN:1,convertirFecha
FNF:1
FNH:0
FNDA:0,convertirFecha
DA:1,2
DA:2,0
DA:4,0
DA:5,0
LF:4
LH:1
BRDA:2,0,0,0
BRDA:2,0,1,0
BRDA:4,1,0,0
BRDA:4,1,1,0
BRDA:5,2,0,0
BRDA:5,2,1,0
BRF:6
BRH:0
end_of_record
